{"/Users/Suike/Repos/expressBookReviews/final_project/index.js": {"path":"/Users/Suike/Repos/expressBookReviews/final_project/index.js","statementMap":{"0":{"start":{"line":1,"column":12},"end":{"line":1,"column":32}},"1":{"start":{"line":2,"column":15},"end":{"line":2,"column":38}},"2":{"start":{"line":4,"column":0},"end":{"line":6,"column":3}},"3":{"start":{"line":5,"column":4},"end":{"line":5,"column":60}}},"fnMap":{"0":{"name":"(anonymous_0)","decl":{"start":{"line":4,"column":24},"end":{"line":4,"column":25}},"loc":{"start":{"line":4,"column":30},"end":{"line":6,"column":1}},"line":4}},"branchMap":{},"s":{"0":0,"1":0,"2":0,"3":0},"f":{"0":0},"b":{}}
,"/Users/Suike/Repos/expressBookReviews/final_project/router/auth_users.js": {"path":"/Users/Suike/Repos/expressBookReviews/final_project/router/auth_users.js","statementMap":{"0":{"start":{"line":1,"column":16},"end":{"line":1,"column":34}},"1":{"start":{"line":2,"column":12},"end":{"line":2,"column":35}},"2":{"start":{"line":3,"column":12},"end":{"line":3,"column":35}},"3":{"start":{"line":4,"column":19},"end":{"line":4,"column":35}},"4":{"start":{"line":6,"column":12},"end":{"line":6,"column":52}},"5":{"start":{"line":9,"column":16},"end":{"line":11,"column":1}},"6":{"start":{"line":10,"column":4},"end":{"line":10,"column":58}},"7":{"start":{"line":10,"column":30},"end":{"line":10,"column":56}},"8":{"start":{"line":13,"column":25},"end":{"line":20,"column":1}},"9":{"start":{"line":14,"column":17},"end":{"line":14,"column":57}},"10":{"start":{"line":14,"column":33},"end":{"line":14,"column":56}},"11":{"start":{"line":15,"column":4},"end":{"line":19,"column":5}},"12":{"start":{"line":16,"column":8},"end":{"line":16,"column":20}},"13":{"start":{"line":18,"column":8},"end":{"line":18,"column":21}},"14":{"start":{"line":23,"column":0},"end":{"line":48,"column":3}},"15":{"start":{"line":24,"column":35},"end":{"line":24,"column":43}},"16":{"start":{"line":27,"column":4},"end":{"line":29,"column":5}},"17":{"start":{"line":28,"column":8},"end":{"line":28,"column":93}},"18":{"start":{"line":31,"column":27},"end":{"line":31,"column":63}},"19":{"start":{"line":32,"column":4},"end":{"line":34,"column":5}},"20":{"start":{"line":33,"column":8},"end":{"line":33,"column":82}},"21":{"start":{"line":37,"column":18},"end":{"line":37,"column":75}},"22":{"start":{"line":39,"column":4},"end":{"line":39,"column":55}},"23":{"start":{"line":41,"column":4},"end":{"line":45,"column":7}},"24":{"start":{"line":42,"column":8},"end":{"line":44,"column":9}},"25":{"start":{"line":43,"column":12},"end":{"line":43,"column":52}},"26":{"start":{"line":47,"column":4},"end":{"line":47,"column":72}},"27":{"start":{"line":51,"column":0},"end":{"line":77,"column":3}},"28":{"start":{"line":52,"column":4},"end":{"line":54,"column":5}},"29":{"start":{"line":53,"column":8},"end":{"line":53,"column":75}},"30":{"start":{"line":56,"column":18},"end":{"line":56,"column":55}},"31":{"start":{"line":57,"column":4},"end":{"line":76,"column":7}},"32":{"start":{"line":58,"column":8},"end":{"line":60,"column":9}},"33":{"start":{"line":59,"column":12},"end":{"line":59,"column":79}},"34":{"start":{"line":62,"column":17},"end":{"line":62,"column":32}},"35":{"start":{"line":63,"column":19},"end":{"line":63,"column":34}},"36":{"start":{"line":65,"column":4},"end":{"line":67,"column":5}},"37":{"start":{"line":66,"column":8},"end":{"line":66,"column":77}},"38":{"start":{"line":70,"column":4},"end":{"line":72,"column":5}},"39":{"start":{"line":71,"column":8},"end":{"line":71,"column":68}},"40":{"start":{"line":73,"column":4},"end":{"line":73,"column":48}},"41":{"start":{"line":75,"column":4},"end":{"line":75,"column":75}},"42":{"start":{"line":79,"column":0},"end":{"line":106,"column":3}},"43":{"start":{"line":80,"column":4},"end":{"line":82,"column":5}},"44":{"start":{"line":81,"column":8},"end":{"line":81,"column":75}},"45":{"start":{"line":84,"column":18},"end":{"line":84,"column":55}},"46":{"start":{"line":86,"column":4},"end":{"line":105,"column":7}},"47":{"start":{"line":87,"column":8},"end":{"line":89,"column":9}},"48":{"start":{"line":88,"column":12},"end":{"line":88,"column":79}},"49":{"start":{"line":91,"column":21},"end":{"line":91,"column":36}},"50":{"start":{"line":92,"column":25},"end":{"line":92,"column":38}},"51":{"start":{"line":94,"column":8},"end":{"line":96,"column":9}},"52":{"start":{"line":95,"column":12},"end":{"line":95,"column":71}},"53":{"start":{"line":98,"column":8},"end":{"line":104,"column":9}},"54":{"start":{"line":100,"column":12},"end":{"line":100,"column":49}},"55":{"start":{"line":101,"column":12},"end":{"line":101,"column":99}},"56":{"start":{"line":103,"column":12},"end":{"line":103,"column":93}},"57":{"start":{"line":108,"column":0},"end":{"line":108,"column":42}},"58":{"start":{"line":109,"column":0},"end":{"line":109,"column":33}},"59":{"start":{"line":110,"column":0},"end":{"line":110,"column":29}}},"fnMap":{"0":{"name":"(anonymous_0)","decl":{"start":{"line":9,"column":16},"end":{"line":9,"column":17}},"loc":{"start":{"line":9,"column":30},"end":{"line":11,"column":1}},"line":9},"1":{"name":"(anonymous_1)","decl":{"start":{"line":10,"column":22},"end":{"line":10,"column":23}},"loc":{"start":{"line":10,"column":30},"end":{"line":10,"column":56}},"line":10},"2":{"name":"(anonymous_2)","decl":{"start":{"line":13,"column":25},"end":{"line":13,"column":26}},"loc":{"start":{"line":13,"column":46},"end":{"line":20,"column":1}},"line":13},"3":{"name":"(anonymous_3)","decl":{"start":{"line":14,"column":28},"end":{"line":14,"column":29}},"loc":{"start":{"line":14,"column":33},"end":{"line":14,"column":56}},"line":14},"4":{"name":"(anonymous_4)","decl":{"start":{"line":23,"column":26},"end":{"line":23,"column":27}},"loc":{"start":{"line":23,"column":40},"end":{"line":48,"column":1}},"line":23},"5":{"name":"(anonymous_5)","decl":{"start":{"line":41,"column":21},"end":{"line":41,"column":22}},"loc":{"start":{"line":41,"column":28},"end":{"line":45,"column":5}},"line":41},"6":{"name":"(anonymous_6)","decl":{"start":{"line":51,"column":37},"end":{"line":51,"column":38}},"loc":{"start":{"line":51,"column":51},"end":{"line":77,"column":1}},"line":51},"7":{"name":"(anonymous_7)","decl":{"start":{"line":57,"column":36},"end":{"line":57,"column":37}},"loc":{"start":{"line":57,"column":51},"end":{"line":76,"column":5}},"line":57},"8":{"name":"(anonymous_8)","decl":{"start":{"line":79,"column":40},"end":{"line":79,"column":41}},"loc":{"start":{"line":79,"column":54},"end":{"line":106,"column":1}},"line":79},"9":{"name":"(anonymous_9)","decl":{"start":{"line":86,"column":36},"end":{"line":86,"column":37}},"loc":{"start":{"line":86,"column":51},"end":{"line":105,"column":5}},"line":86}},"branchMap":{"0":{"loc":{"start":{"line":15,"column":4},"end":{"line":19,"column":5}},"type":"if","locations":[{"start":{"line":15,"column":4},"end":{"line":19,"column":5}},{"start":{"line":17,"column":11},"end":{"line":19,"column":5}}],"line":15},"1":{"loc":{"start":{"line":15,"column":8},"end":{"line":15,"column":42}},"type":"binary-expr","locations":[{"start":{"line":15,"column":8},"end":{"line":15,"column":12}},{"start":{"line":15,"column":16},"end":{"line":15,"column":42}}],"line":15},"2":{"loc":{"start":{"line":27,"column":4},"end":{"line":29,"column":5}},"type":"if","locations":[{"start":{"line":27,"column":4},"end":{"line":29,"column":5}},{"start":{},"end":{}}],"line":27},"3":{"loc":{"start":{"line":27,"column":8},"end":{"line":27,"column":30}},"type":"binary-expr","locations":[{"start":{"line":27,"column":8},"end":{"line":27,"column":17}},{"start":{"line":27,"column":21},"end":{"line":27,"column":30}}],"line":27},"4":{"loc":{"start":{"line":32,"column":4},"end":{"line":34,"column":5}},"type":"if","locations":[{"start":{"line":32,"column":4},"end":{"line":34,"column":5}},{"start":{},"end":{}}],"line":32},"5":{"loc":{"start":{"line":42,"column":8},"end":{"line":44,"column":9}},"type":"if","locations":[{"start":{"line":42,"column":8},"end":{"line":44,"column":9}},{"start":{},"end":{}}],"line":42},"6":{"loc":{"start":{"line":52,"column":4},"end":{"line":54,"column":5}},"type":"if","locations":[{"start":{"line":52,"column":4},"end":{"line":54,"column":5}},{"start":{},"end":{}}],"line":52},"7":{"loc":{"start":{"line":52,"column":8},"end":{"line":52,"column":92}},"type":"binary-expr","locations":[{"start":{"line":52,"column":8},"end":{"line":52,"column":20}},{"start":{"line":52,"column":24},"end":{"line":52,"column":50}},{"start":{"line":52,"column":54},"end":{"line":52,"column":92}}],"line":52},"8":{"loc":{"start":{"line":58,"column":8},"end":{"line":60,"column":9}},"type":"if","locations":[{"start":{"line":58,"column":8},"end":{"line":60,"column":9}},{"start":{},"end":{}}],"line":58},"9":{"loc":{"start":{"line":65,"column":4},"end":{"line":67,"column":5}},"type":"if","locations":[{"start":{"line":65,"column":4},"end":{"line":67,"column":5}},{"start":{},"end":{}}],"line":65},"10":{"loc":{"start":{"line":70,"column":4},"end":{"line":72,"column":5}},"type":"if","locations":[{"start":{"line":70,"column":4},"end":{"line":72,"column":5}},{"start":{},"end":{}}],"line":70},"11":{"loc":{"start":{"line":80,"column":4},"end":{"line":82,"column":5}},"type":"if","locations":[{"start":{"line":80,"column":4},"end":{"line":82,"column":5}},{"start":{},"end":{}}],"line":80},"12":{"loc":{"start":{"line":80,"column":8},"end":{"line":80,"column":92}},"type":"binary-expr","locations":[{"start":{"line":80,"column":8},"end":{"line":80,"column":20}},{"start":{"line":80,"column":24},"end":{"line":80,"column":50}},{"start":{"line":80,"column":54},"end":{"line":80,"column":92}}],"line":80},"13":{"loc":{"start":{"line":87,"column":8},"end":{"line":89,"column":9}},"type":"if","locations":[{"start":{"line":87,"column":8},"end":{"line":89,"column":9}},{"start":{},"end":{}}],"line":87},"14":{"loc":{"start":{"line":94,"column":8},"end":{"line":96,"column":9}},"type":"if","locations":[{"start":{"line":94,"column":8},"end":{"line":96,"column":9}},{"start":{},"end":{}}],"line":94},"15":{"loc":{"start":{"line":98,"column":8},"end":{"line":104,"column":9}},"type":"if","locations":[{"start":{"line":98,"column":8},"end":{"line":104,"column":9}},{"start":{"line":102,"column":15},"end":{"line":104,"column":9}}],"line":98},"16":{"loc":{"start":{"line":98,"column":12},"end":{"line":98,"column":64}},"type":"binary-expr","locations":[{"start":{"line":98,"column":12},"end":{"line":98,"column":31}},{"start":{"line":98,"column":35},"end":{"line":98,"column":64}}],"line":98}},"s":{"0":1,"1":1,"2":1,"3":1,"4":1,"5":1,"6":0,"7":0,"8":1,"9":9,"10":9,"11":9,"12":9,"13":0,"14":1,"15":9,"16":9,"17":0,"18":9,"19":9,"20":0,"21":9,"22":9,"23":9,"24":9,"25":0,"26":9,"27":1,"28":3,"29":0,"30":3,"31":3,"32":3,"33":0,"34":3,"35":3,"36":3,"37":1,"38":2,"39":0,"40":2,"41":2,"42":1,"43":3,"44":0,"45":3,"46":3,"47":3,"48":0,"49":3,"50":3,"51":3,"52":1,"53":2,"54":1,"55":1,"56":1,"57":1,"58":1,"59":1},"f":{"0":0,"1":0,"2":9,"3":9,"4":9,"5":9,"6":3,"7":3,"8":3,"9":3},"b":{"0":[9,0],"1":[9,9],"2":[0,9],"3":[9,9],"4":[0,9],"5":[0,9],"6":[0,3],"7":[3,3,3],"8":[0,3],"9":[1,2],"10":[0,2],"11":[0,3],"12":[3,3,3],"13":[0,3],"14":[1,2],"15":[1,1],"16":[2,2]},"_coverageSchema":"1a1c01bbd47fc00a2c39e90264f33305004495a9","hash":"558faf3304a6909a77ac3450a10f894a95e61eed"}
,"/Users/Suike/Repos/expressBookReviews/final_project/router/booksdb.js": {"path":"/Users/Suike/Repos/expressBookReviews/final_project/router/booksdb.js","statementMap":{"0":{"start":{"line":1,"column":12},"end":{"line":12,"column":1}},"1":{"start":{"line":14,"column":0},"end":{"line":14,"column":21}}},"fnMap":{},"branchMap":{},"s":{"0":1,"1":1},"f":{},"b":{},"_coverageSchema":"1a1c01bbd47fc00a2c39e90264f33305004495a9","hash":"e8f721d629d83a13c0a834c435ee05d7283e0789"}
,"/Users/Suike/Repos/expressBookReviews/final_project/router/general.js": {"path":"/Users/Suike/Repos/expressBookReviews/final_project/router/general.js","statementMap":{"0":{"start":{"line":1,"column":16},"end":{"line":1,"column":34}},"1":{"start":{"line":2,"column":12},"end":{"line":2,"column":35}},"2":{"start":{"line":3,"column":27},"end":{"line":3,"column":43}},"3":{"start":{"line":4,"column":14},"end":{"line":4,"column":48}},"4":{"start":{"line":5,"column":12},"end":{"line":5,"column":44}},"5":{"start":{"line":6,"column":21},"end":{"line":6,"column":37}},"6":{"start":{"line":10,"column":0},"end":{"line":27,"column":5}},"7":{"start":{"line":11,"column":35},"end":{"line":11,"column":43}},"8":{"start":{"line":14,"column":4},"end":{"line":16,"column":5}},"9":{"start":{"line":15,"column":6},"end":{"line":15,"column":91}},"10":{"start":{"line":19,"column":4},"end":{"line":21,"column":5}},"11":{"start":{"line":19,"column":27},"end":{"line":19,"column":53}},"12":{"start":{"line":20,"column":6},"end":{"line":20,"column":75}},"13":{"start":{"line":24,"column":4},"end":{"line":24,"column":59}},"14":{"start":{"line":26,"column":4},"end":{"line":26,"column":78}},"15":{"start":{"line":30,"column":0},"end":{"line":42,"column":5}},"16":{"start":{"line":31,"column":4},"end":{"line":41,"column":5}},"17":{"start":{"line":36,"column":6},"end":{"line":36,"column":52}},"18":{"start":{"line":39,"column":6},"end":{"line":39,"column":52}},"19":{"start":{"line":40,"column":6},"end":{"line":40,"column":72}},"20":{"start":{"line":47,"column":0},"end":{"line":64,"column":5}},"21":{"start":{"line":48,"column":17},"end":{"line":48,"column":32}},"22":{"start":{"line":50,"column":4},"end":{"line":63,"column":5}},"23":{"start":{"line":54,"column":6},"end":{"line":58,"column":7}},"24":{"start":{"line":55,"column":8},"end":{"line":55,"column":49}},"25":{"start":{"line":57,"column":8},"end":{"line":57,"column":67}},"26":{"start":{"line":61,"column":6},"end":{"line":61,"column":59}},"27":{"start":{"line":62,"column":6},"end":{"line":62,"column":79}},"28":{"start":{"line":66,"column":2},"end":{"line":90,"column":5}},"29":{"start":{"line":67,"column":19},"end":{"line":67,"column":36}},"30":{"start":{"line":68,"column":4},"end":{"line":89,"column":5}},"31":{"start":{"line":71,"column":26},"end":{"line":71,"column":28}},"32":{"start":{"line":73,"column":6},"end":{"line":77,"column":7}},"33":{"start":{"line":74,"column":8},"end":{"line":76,"column":9}},"34":{"start":{"line":75,"column":10},"end":{"line":75,"column":41}},"35":{"start":{"line":80,"column":6},"end":{"line":84,"column":7}},"36":{"start":{"line":81,"column":8},"end":{"line":81,"column":62}},"37":{"start":{"line":83,"column":8},"end":{"line":83,"column":69}},"38":{"start":{"line":87,"column":6},"end":{"line":87,"column":62}},"39":{"start":{"line":88,"column":6},"end":{"line":88,"column":82}},"40":{"start":{"line":93,"column":0},"end":{"line":118,"column":5}},"41":{"start":{"line":94,"column":18},"end":{"line":94,"column":34}},"42":{"start":{"line":96,"column":4},"end":{"line":117,"column":5}},"43":{"start":{"line":99,"column":25},"end":{"line":99,"column":27}},"44":{"start":{"line":101,"column":6},"end":{"line":105,"column":7}},"45":{"start":{"line":102,"column":8},"end":{"line":104,"column":9}},"46":{"start":{"line":103,"column":10},"end":{"line":103,"column":40}},"47":{"start":{"line":108,"column":6},"end":{"line":112,"column":7}},"48":{"start":{"line":109,"column":8},"end":{"line":109,"column":61}},"49":{"start":{"line":111,"column":8},"end":{"line":111,"column":68}},"50":{"start":{"line":115,"column":6},"end":{"line":115,"column":61}},"51":{"start":{"line":116,"column":6},"end":{"line":116,"column":81}},"52":{"start":{"line":121,"column":0},"end":{"line":133,"column":3}},"53":{"start":{"line":122,"column":13},"end":{"line":122,"column":28}},"54":{"start":{"line":123,"column":2},"end":{"line":132,"column":5}},"55":{"start":{"line":124,"column":18},"end":{"line":124,"column":37}},"56":{"start":{"line":125,"column":4},"end":{"line":129,"column":9}},"57":{"start":{"line":126,"column":8},"end":{"line":126,"column":55}},"58":{"start":{"line":128,"column":8},"end":{"line":128,"column":81}},"59":{"start":{"line":131,"column":8},"end":{"line":131,"column":67}},"60":{"start":{"line":135,"column":0},"end":{"line":135,"column":38}}},"fnMap":{"0":{"name":"(anonymous_0)","decl":{"start":{"line":10,"column":31},"end":{"line":10,"column":32}},"loc":{"start":{"line":10,"column":44},"end":{"line":27,"column":3}},"line":10},"1":{"name":"(anonymous_1)","decl":{"start":{"line":19,"column":19},"end":{"line":19,"column":20}},"loc":{"start":{"line":19,"column":27},"end":{"line":19,"column":53}},"line":19},"2":{"name":"(anonymous_2)","decl":{"start":{"line":30,"column":22},"end":{"line":30,"column":23}},"loc":{"start":{"line":30,"column":42},"end":{"line":42,"column":3}},"line":30},"3":{"name":"(anonymous_3)","decl":{"start":{"line":47,"column":32},"end":{"line":47,"column":33}},"loc":{"start":{"line":47,"column":52},"end":{"line":64,"column":3}},"line":47},"4":{"name":"(anonymous_4)","decl":{"start":{"line":66,"column":38},"end":{"line":66,"column":39}},"loc":{"start":{"line":66,"column":58},"end":{"line":90,"column":3}},"line":66},"5":{"name":"(anonymous_5)","decl":{"start":{"line":93,"column":34},"end":{"line":93,"column":35}},"loc":{"start":{"line":93,"column":54},"end":{"line":118,"column":3}},"line":93},"6":{"name":"(anonymous_6)","decl":{"start":{"line":121,"column":33},"end":{"line":121,"column":34}},"loc":{"start":{"line":121,"column":53},"end":{"line":133,"column":1}},"line":121}},"branchMap":{"0":{"loc":{"start":{"line":14,"column":4},"end":{"line":16,"column":5}},"type":"if","locations":[{"start":{"line":14,"column":4},"end":{"line":16,"column":5}},{"start":{},"end":{}}],"line":14},"1":{"loc":{"start":{"line":14,"column":8},"end":{"line":14,"column":30}},"type":"binary-expr","locations":[{"start":{"line":14,"column":8},"end":{"line":14,"column":17}},{"start":{"line":14,"column":21},"end":{"line":14,"column":30}}],"line":14},"2":{"loc":{"start":{"line":19,"column":4},"end":{"line":21,"column":5}},"type":"if","locations":[{"start":{"line":19,"column":4},"end":{"line":21,"column":5}},{"start":{},"end":{}}],"line":19},"3":{"loc":{"start":{"line":54,"column":6},"end":{"line":58,"column":7}},"type":"if","locations":[{"start":{"line":54,"column":6},"end":{"line":58,"column":7}},{"start":{"line":56,"column":13},"end":{"line":58,"column":7}}],"line":54},"4":{"loc":{"start":{"line":74,"column":8},"end":{"line":76,"column":9}},"type":"if","locations":[{"start":{"line":74,"column":8},"end":{"line":76,"column":9}},{"start":{},"end":{}}],"line":74},"5":{"loc":{"start":{"line":80,"column":6},"end":{"line":84,"column":7}},"type":"if","locations":[{"start":{"line":80,"column":6},"end":{"line":84,"column":7}},{"start":{"line":82,"column":13},"end":{"line":84,"column":7}}],"line":80},"6":{"loc":{"start":{"line":102,"column":8},"end":{"line":104,"column":9}},"type":"if","locations":[{"start":{"line":102,"column":8},"end":{"line":104,"column":9}},{"start":{},"end":{}}],"line":102},"7":{"loc":{"start":{"line":108,"column":6},"end":{"line":112,"column":7}},"type":"if","locations":[{"start":{"line":108,"column":6},"end":{"line":112,"column":7}},{"start":{"line":110,"column":13},"end":{"line":112,"column":7}}],"line":108},"8":{"loc":{"start":{"line":123,"column":2},"end":{"line":132,"column":5}},"type":"if","locations":[{"start":{"line":123,"column":2},"end":{"line":132,"column":5}},{"start":{"line":130,"column":11},"end":{"line":132,"column":5}}],"line":123},"9":{"loc":{"start":{"line":125,"column":4},"end":{"line":129,"column":9}},"type":"if","locations":[{"start":{"line":125,"column":4},"end":{"line":129,"column":9}},{"start":{"line":127,"column":11},"end":{"line":129,"column":9}}],"line":125}},"s":{"0":1,"1":1,"2":1,"3":1,"4":1,"5":1,"6":1,"7":6,"8":6,"9":2,"10":4,"11":5,"12":2,"13":2,"14":2,"15":1,"16":0,"17":0,"18":0,"19":0,"20":1,"21":0,"22":0,"23":0,"24":0,"25":0,"26":0,"27":0,"28":1,"29":0,"30":0,"31":0,"32":0,"33":0,"34":0,"35":0,"36":0,"37":0,"38":0,"39":0,"40":1,"41":0,"42":0,"43":0,"44":0,"45":0,"46":0,"47":0,"48":0,"49":0,"50":0,"51":0,"52":1,"53":3,"54":3,"55":2,"56":2,"57":1,"58":1,"59":1,"60":1},"f":{"0":6,"1":5,"2":0,"3":0,"4":0,"5":0,"6":3},"b":{"0":[2,4],"1":[6,5],"2":[2,2],"3":[0,0],"4":[0,0],"5":[0,0],"6":[0,0],"7":[0,0],"8":[2,1],"9":[1,1]},"_coverageSchema":"1a1c01bbd47fc00a2c39e90264f33305004495a9","hash":"9bd8dc5e7e15453dcbebc4732ca3613d1346b085"}
,"/Users/Suike/Repos/expressBookReviews/final_project/src/app.js": {"path":"/Users/Suike/Repos/expressBookReviews/final_project/src/app.js","statementMap":{"0":{"start":{"line":1,"column":16},"end":{"line":1,"column":34}},"1":{"start":{"line":2,"column":16},"end":{"line":2,"column":42}},"2":{"start":{"line":3,"column":21},"end":{"line":3,"column":45}},"3":{"start":{"line":4,"column":15},"end":{"line":4,"column":34}},"4":{"start":{"line":5,"column":15},"end":{"line":5,"column":34}},"5":{"start":{"line":6,"column":42},"end":{"line":6,"column":78}},"6":{"start":{"line":12,"column":4},"end":{"line":12,"column":36}},"7":{"start":{"line":14,"column":12},"end":{"line":14,"column":21}},"8":{"start":{"line":17,"column":0},"end":{"line":17,"column":22}},"9":{"start":{"line":18,"column":0},"end":{"line":18,"column":20}},"10":{"start":{"line":19,"column":0},"end":{"line":19,"column":25}},"11":{"start":{"line":22,"column":0},"end":{"line":24,"column":1}},"12":{"start":{"line":23,"column":4},"end":{"line":23,"column":30}},"13":{"start":{"line":27,"column":0},"end":{"line":27,"column":26}},"14":{"start":{"line":30,"column":0},"end":{"line":30,"column":41}},"15":{"start":{"line":31,"column":0},"end":{"line":31,"column":63}},"16":{"start":{"line":32,"column":0},"end":{"line":32,"column":24}},"17":{"start":{"line":35,"column":0},"end":{"line":46,"column":4}},"18":{"start":{"line":49,"column":0},"end":{"line":51,"column":3}},"19":{"start":{"line":50,"column":4},"end":{"line":50,"column":80}},"20":{"start":{"line":54,"column":0},"end":{"line":54,"column":21}},"21":{"start":{"line":57,"column":0},"end":{"line":57,"column":25}},"22":{"start":{"line":60,"column":0},"end":{"line":60,"column":22}},"23":{"start":{"line":62,"column":0},"end":{"line":62,"column":21}}},"fnMap":{"0":{"name":"(anonymous_0)","decl":{"start":{"line":49,"column":19},"end":{"line":49,"column":20}},"loc":{"start":{"line":49,"column":33},"end":{"line":51,"column":1}},"line":49}},"branchMap":{"0":{"loc":{"start":{"line":22,"column":0},"end":{"line":24,"column":1}},"type":"if","locations":[{"start":{"line":22,"column":0},"end":{"line":24,"column":1}},{"start":{},"end":{}}],"line":22}},"s":{"0":1,"1":1,"2":1,"3":1,"4":1,"5":1,"6":1,"7":1,"8":1,"9":1,"10":1,"11":1,"12":0,"13":1,"14":1,"15":1,"16":1,"17":1,"18":1,"19":1,"20":1,"21":1,"22":1,"23":1},"f":{"0":1},"b":{"0":[0,1]},"_coverageSchema":"1a1c01bbd47fc00a2c39e90264f33305004495a9","hash":"8626137e09c06251463eb686fd638a7fb8121fe6"}
,"/Users/Suike/Repos/expressBookReviews/final_project/src/config/index.js": {"path":"/Users/Suike/Repos/expressBookReviews/final_project/src/config/index.js","statementMap":{"0":{"start":{"line":1,"column":15},"end":{"line":1,"column":32}},"1":{"start":{"line":4,"column":29},"end":{"line":6,"column":1}},"2":{"start":{"line":5,"column":4},"end":{"line":5,"column":50}},"3":{"start":{"line":9,"column":28},"end":{"line":13,"column":1}},"4":{"start":{"line":10,"column":4},"end":{"line":12,"column":5}},"5":{"start":{"line":11,"column":8},"end":{"line":11,"column":113}},"6":{"start":{"line":16,"column":27},"end":{"line":16,"column":49}},"7":{"start":{"line":17,"column":31},"end":{"line":17,"column":53}},"8":{"start":{"line":19,"column":15},"end":{"line":50,"column":1}},"9":{"start":{"line":53,"column":0},"end":{"line":55,"column":1}},"10":{"start":{"line":54,"column":4},"end":{"line":54,"column":76}},"11":{"start":{"line":56,"column":0},"end":{"line":58,"column":1}},"12":{"start":{"line":57,"column":4},"end":{"line":57,"column":88}},"13":{"start":{"line":60,"column":0},"end":{"line":60,"column":24}}},"fnMap":{"0":{"name":"(anonymous_0)","decl":{"start":{"line":4,"column":29},"end":{"line":4,"column":30}},"loc":{"start":{"line":4,"column":35},"end":{"line":6,"column":1}},"line":4},"1":{"name":"(anonymous_1)","decl":{"start":{"line":9,"column":28},"end":{"line":9,"column":29}},"loc":{"start":{"line":9,"column":65},"end":{"line":13,"column":1}},"line":9}},"branchMap":{"0":{"loc":{"start":{"line":10,"column":4},"end":{"line":12,"column":5}},"type":"if","locations":[{"start":{"line":10,"column":4},"end":{"line":12,"column":5}},{"start":{},"end":{}}],"line":10},"1":{"loc":{"start":{"line":10,"column":8},"end":{"line":10,"column":71}},"type":"binary-expr","locations":[{"start":{"line":10,"column":8},"end":{"line":10,"column":45}},{"start":{"line":10,"column":49},"end":{"line":10,"column":71}}],"line":10},"2":{"loc":{"start":{"line":21,"column":10},"end":{"line":21,"column":34}},"type":"binary-expr","locations":[{"start":{"line":21,"column":10},"end":{"line":21,"column":26}},{"start":{"line":21,"column":30},"end":{"line":21,"column":34}}],"line":21},"3":{"loc":{"start":{"line":24,"column":15},"end":{"line":24,"column":59}},"type":"binary-expr","locations":[{"start":{"line":24,"column":15},"end":{"line":24,"column":37}},{"start":{"line":24,"column":41},"end":{"line":24,"column":59}}],"line":24},"4":{"loc":{"start":{"line":25,"column":19},"end":{"line":25,"column":53}},"type":"binary-expr","locations":[{"start":{"line":25,"column":19},"end":{"line":25,"column":45}},{"start":{"line":25,"column":49},"end":{"line":25,"column":53}}],"line":25},"5":{"loc":{"start":{"line":28,"column":19},"end":{"line":28,"column":71}},"type":"binary-expr","locations":[{"start":{"line":28,"column":19},"end":{"line":28,"column":45}},{"start":{"line":28,"column":49},"end":{"line":28,"column":71}}],"line":28},"6":{"loc":{"start":{"line":29,"column":19},"end":{"line":29,"column":57}},"type":"binary-expr","locations":[{"start":{"line":29,"column":19},"end":{"line":29,"column":46}},{"start":{"line":29,"column":50},"end":{"line":29,"column":57}}],"line":29},"7":{"loc":{"start":{"line":30,"column":19},"end":{"line":30,"column":97}},"type":"binary-expr","locations":[{"start":{"line":30,"column":19},"end":{"line":30,"column":56}},{"start":{"line":30,"column":60},"end":{"line":30,"column":97}}],"line":30},"8":{"loc":{"start":{"line":33,"column":13},"end":{"line":33,"column":50}},"type":"binary-expr","locations":[{"start":{"line":33,"column":13},"end":{"line":33,"column":33}},{"start":{"line":33,"column":37},"end":{"line":33,"column":50}}],"line":33},"9":{"loc":{"start":{"line":36,"column":11},"end":{"line":36,"column":41}},"type":"binary-expr","locations":[{"start":{"line":36,"column":11},"end":{"line":36,"column":35}},{"start":{"line":36,"column":39},"end":{"line":36,"column":41}}],"line":36},"10":{"loc":{"start":{"line":39,"column":16},"end":{"line":39,"column":67}},"type":"binary-expr","locations":[{"start":{"line":39,"column":16},"end":{"line":39,"column":40}},{"start":{"line":39,"column":44},"end":{"line":39,"column":67}}],"line":39},"11":{"loc":{"start":{"line":42,"column":22},"end":{"line":42,"column":68}},"type":"binary-expr","locations":[{"start":{"line":42,"column":22},"end":{"line":42,"column":62}},{"start":{"line":42,"column":66},"end":{"line":42,"column":68}}],"line":42},"12":{"loc":{"start":{"line":45,"column":23},"end":{"line":45,"column":83}},"type":"binary-expr","locations":[{"start":{"line":45,"column":23},"end":{"line":45,"column":65}},{"start":{"line":45,"column":69},"end":{"line":45,"column":83}}],"line":45},"13":{"loc":{"start":{"line":46,"column":18},"end":{"line":46,"column":61}},"type":"binary-expr","locations":[{"start":{"line":46,"column":18},"end":{"line":46,"column":54}},{"start":{"line":46,"column":58},"end":{"line":46,"column":61}}],"line":46},"14":{"loc":{"start":{"line":49,"column":16},"end":{"line":49,"column":66}},"type":"binary-expr","locations":[{"start":{"line":49,"column":16},"end":{"line":49,"column":39}},{"start":{"line":49,"column":43},"end":{"line":49,"column":66}}],"line":49},"15":{"loc":{"start":{"line":53,"column":0},"end":{"line":55,"column":1}},"type":"if","locations":[{"start":{"line":53,"column":0},"end":{"line":55,"column":1}},{"start":{},"end":{}}],"line":53},"16":{"loc":{"start":{"line":56,"column":0},"end":{"line":58,"column":1}},"type":"if","locations":[{"start":{"line":56,"column":0},"end":{"line":58,"column":1}},{"start":{},"end":{}}],"line":56}},"s":{"0":1,"1":1,"2":2,"3":1,"4":0,"5":0,"6":1,"7":1,"8":1,"9":1,"10":0,"11":1,"12":0,"13":1},"f":{"0":2,"1":0},"b":{"0":[0,0],"1":[0,0],"2":[1,1],"3":[1,0],"4":[1,1],"5":[1,0],"6":[1,1],"7":[1,1],"8":[1,0],"9":[1,1],"10":[1,1],"11":[1,0],"12":[1,1],"13":[1,1],"14":[1,1],"15":[0,1],"16":[0,1]},"_coverageSchema":"1a1c01bbd47fc00a2c39e90264f33305004495a9","hash":"8f350739c6821824755070434d5244af79f11d0d"}
,"/Users/Suike/Repos/expressBookReviews/final_project/src/controllers/authController.js": {"path":"/Users/Suike/Repos/expressBookReviews/final_project/src/controllers/authController.js","statementMap":{"0":{"start":{"line":1,"column":12},"end":{"line":1,"column":35}},"1":{"start":{"line":2,"column":13},"end":{"line":2,"column":38}},"2":{"start":{"line":3,"column":15},"end":{"line":3,"column":35}},"3":{"start":{"line":4,"column":74},"end":{"line":4,"column":109}},"4":{"start":{"line":9,"column":17},"end":{"line":29,"column":1}},"5":{"start":{"line":10,"column":4},"end":{"line":28,"column":5}},"6":{"start":{"line":11,"column":39},"end":{"line":11,"column":47}},"7":{"start":{"line":14,"column":8},"end":{"line":16,"column":9}},"8":{"start":{"line":15,"column":12},"end":{"line":15,"column":71}},"9":{"start":{"line":19,"column":24},"end":{"line":19,"column":61}},"10":{"start":{"line":21,"column":8},"end":{"line":25,"column":9}},"11":{"start":{"line":22,"column":12},"end":{"line":22,"column":80}},"12":{"start":{"line":24,"column":12},"end":{"line":24,"column":66}},"13":{"start":{"line":27,"column":8},"end":{"line":27,"column":20}},"14":{"start":{"line":34,"column":14},"end":{"line":66,"column":1}},"15":{"start":{"line":35,"column":4},"end":{"line":65,"column":5}},"16":{"start":{"line":36,"column":39},"end":{"line":36,"column":47}},"17":{"start":{"line":39,"column":32},"end":{"line":39,"column":75}},"18":{"start":{"line":41,"column":8},"end":{"line":43,"column":9}},"19":{"start":{"line":42,"column":12},"end":{"line":42,"column":73}},"20":{"start":{"line":46,"column":22},"end":{"line":50,"column":9}},"21":{"start":{"line":53,"column":8},"end":{"line":53,"column":59}},"22":{"start":{"line":56,"column":8},"end":{"line":60,"column":11}},"23":{"start":{"line":57,"column":12},"end":{"line":59,"column":13}},"24":{"start":{"line":58,"column":16},"end":{"line":58,"column":56}},"25":{"start":{"line":62,"column":8},"end":{"line":62,"column":63}},"26":{"start":{"line":64,"column":8},"end":{"line":64,"column":20}},"27":{"start":{"line":71,"column":15},"end":{"line":82,"column":1}},"28":{"start":{"line":72,"column":4},"end":{"line":81,"column":5}},"29":{"start":{"line":73,"column":8},"end":{"line":78,"column":11}},"30":{"start":{"line":74,"column":12},"end":{"line":76,"column":13}},"31":{"start":{"line":75,"column":16},"end":{"line":75,"column":64}},"32":{"start":{"line":77,"column":12},"end":{"line":77,"column":63}},"33":{"start":{"line":80,"column":8},"end":{"line":80,"column":20}},"34":{"start":{"line":84,"column":0},"end":{"line":88,"column":2}}},"fnMap":{"0":{"name":"(anonymous_0)","decl":{"start":{"line":9,"column":17},"end":{"line":9,"column":18}},"loc":{"start":{"line":9,"column":43},"end":{"line":29,"column":1}},"line":9},"1":{"name":"(anonymous_1)","decl":{"start":{"line":34,"column":14},"end":{"line":34,"column":15}},"loc":{"start":{"line":34,"column":40},"end":{"line":66,"column":1}},"line":34},"2":{"name":"(anonymous_2)","decl":{"start":{"line":56,"column":25},"end":{"line":56,"column":26}},"loc":{"start":{"line":56,"column":32},"end":{"line":60,"column":9}},"line":56},"3":{"name":"(anonymous_3)","decl":{"start":{"line":71,"column":15},"end":{"line":71,"column":16}},"loc":{"start":{"line":71,"column":41},"end":{"line":82,"column":1}},"line":71},"4":{"name":"(anonymous_4)","decl":{"start":{"line":73,"column":28},"end":{"line":73,"column":29}},"loc":{"start":{"line":73,"column":35},"end":{"line":78,"column":9}},"line":73}},"branchMap":{"0":{"loc":{"start":{"line":14,"column":8},"end":{"line":16,"column":9}},"type":"if","locations":[{"start":{"line":14,"column":8},"end":{"line":16,"column":9}},{"start":{},"end":{}}],"line":14},"1":{"loc":{"start":{"line":21,"column":8},"end":{"line":25,"column":9}},"type":"if","locations":[{"start":{"line":21,"column":8},"end":{"line":25,"column":9}},{"start":{"line":23,"column":15},"end":{"line":25,"column":9}}],"line":21},"2":{"loc":{"start":{"line":41,"column":8},"end":{"line":43,"column":9}},"type":"if","locations":[{"start":{"line":41,"column":8},"end":{"line":43,"column":9}},{"start":{},"end":{}}],"line":41},"3":{"loc":{"start":{"line":57,"column":12},"end":{"line":59,"column":13}},"type":"if","locations":[{"start":{"line":57,"column":12},"end":{"line":59,"column":13}},{"start":{},"end":{}}],"line":57},"4":{"loc":{"start":{"line":74,"column":12},"end":{"line":76,"column":13}},"type":"if","locations":[{"start":{"line":74,"column":12},"end":{"line":76,"column":13}},{"start":{},"end":{}}],"line":74}},"s":{"0":2,"1":2,"2":2,"3":2,"4":2,"5":7,"6":7,"7":7,"8":1,"9":5,"10":5,"11":4,"12":1,"13":1,"14":2,"15":13,"16":13,"17":13,"18":12,"19":3,"20":9,"21":9,"22":9,"23":9,"24":1,"25":9,"26":1,"27":2,"28":6,"29":6,"30":5,"31":1,"32":4,"33":1,"34":2},"f":{"0":7,"1":13,"2":9,"3":6,"4":5},"b":{"0":[1,5],"1":[4,1],"2":[3,9],"3":[1,8],"4":[1,4]},"_coverageSchema":"1a1c01bbd47fc00a2c39e90264f33305004495a9","hash":"db18aec5e9279a13750771def3c5f8ab04634753"}
,"/Users/Suike/Repos/expressBookReviews/final_project/src/controllers/booksController.js": {"path":"/Users/Suike/Repos/expressBookReviews/final_project/src/controllers/booksController.js","statementMap":{"0":{"start":{"line":1,"column":13},"end":{"line":1,"column":38}},"1":{"start":{"line":2,"column":70},"end":{"line":2,"column":105}},"2":{"start":{"line":7,"column":20},"end":{"line":14,"column":1}},"3":{"start":{"line":8,"column":4},"end":{"line":13,"column":5}},"4":{"start":{"line":9,"column":22},"end":{"line":9,"column":35}},"5":{"start":{"line":10,"column":8},"end":{"line":10,"column":75}},"6":{"start":{"line":12,"column":8},"end":{"line":12,"column":20}},"7":{"start":{"line":19,"column":22},"end":{"line":32,"column":1}},"8":{"start":{"line":20,"column":4},"end":{"line":31,"column":5}},"9":{"start":{"line":21,"column":25},"end":{"line":21,"column":35}},"10":{"start":{"line":22,"column":21},"end":{"line":22,"column":41}},"11":{"start":{"line":24,"column":8},"end":{"line":26,"column":9}},"12":{"start":{"line":25,"column":12},"end":{"line":25,"column":55}},"13":{"start":{"line":28,"column":8},"end":{"line":28,"column":69}},"14":{"start":{"line":30,"column":8},"end":{"line":30,"column":20}},"15":{"start":{"line":37,"column":25},"end":{"line":50,"column":1}},"16":{"start":{"line":38,"column":4},"end":{"line":49,"column":5}},"17":{"start":{"line":39,"column":27},"end":{"line":39,"column":37}},"18":{"start":{"line":40,"column":22},"end":{"line":40,"column":46}},"19":{"start":{"line":42,"column":8},"end":{"line":44,"column":9}},"20":{"start":{"line":43,"column":12},"end":{"line":43,"column":70}},"21":{"start":{"line":46,"column":8},"end":{"line":46,"column":75}},"22":{"start":{"line":48,"column":8},"end":{"line":48,"column":20}},"23":{"start":{"line":55,"column":24},"end":{"line":68,"column":1}},"24":{"start":{"line":56,"column":4},"end":{"line":67,"column":5}},"25":{"start":{"line":57,"column":26},"end":{"line":57,"column":36}},"26":{"start":{"line":58,"column":22},"end":{"line":58,"column":44}},"27":{"start":{"line":60,"column":8},"end":{"line":62,"column":9}},"28":{"start":{"line":61,"column":12},"end":{"line":61,"column":71}},"29":{"start":{"line":64,"column":8},"end":{"line":64,"column":75}},"30":{"start":{"line":66,"column":8},"end":{"line":66,"column":20}},"31":{"start":{"line":73,"column":23},"end":{"line":90,"column":1}},"32":{"start":{"line":74,"column":4},"end":{"line":89,"column":5}},"33":{"start":{"line":75,"column":25},"end":{"line":75,"column":35}},"34":{"start":{"line":76,"column":24},"end":{"line":76,"column":45}},"35":{"start":{"line":78,"column":8},"end":{"line":80,"column":9}},"36":{"start":{"line":79,"column":12},"end":{"line":79,"column":55}},"37":{"start":{"line":82,"column":8},"end":{"line":84,"column":9}},"38":{"start":{"line":83,"column":12},"end":{"line":83,"column":71}},"39":{"start":{"line":86,"column":8},"end":{"line":86,"column":79}},"40":{"start":{"line":88,"column":8},"end":{"line":88,"column":20}},"41":{"start":{"line":95,"column":22},"end":{"line":115,"column":1}},"42":{"start":{"line":96,"column":4},"end":{"line":114,"column":5}},"43":{"start":{"line":97,"column":25},"end":{"line":97,"column":35}},"44":{"start":{"line":98,"column":27},"end":{"line":98,"column":35}},"45":{"start":{"line":99,"column":25},"end":{"line":99,"column":42}},"46":{"start":{"line":101,"column":8},"end":{"line":103,"column":9}},"47":{"start":{"line":102,"column":12},"end":{"line":102,"column":71}},"48":{"start":{"line":105,"column":24},"end":{"line":105,"column":62}},"49":{"start":{"line":107,"column":8},"end":{"line":109,"column":9}},"50":{"start":{"line":108,"column":12},"end":{"line":108,"column":55}},"51":{"start":{"line":111,"column":8},"end":{"line":111,"column":67}},"52":{"start":{"line":113,"column":8},"end":{"line":113,"column":20}},"53":{"start":{"line":120,"column":25},"end":{"line":135,"column":1}},"54":{"start":{"line":121,"column":4},"end":{"line":134,"column":5}},"55":{"start":{"line":122,"column":25},"end":{"line":122,"column":35}},"56":{"start":{"line":123,"column":25},"end":{"line":123,"column":42}},"57":{"start":{"line":125,"column":24},"end":{"line":125,"column":57}},"58":{"start":{"line":127,"column":8},"end":{"line":129,"column":9}},"59":{"start":{"line":128,"column":12},"end":{"line":128,"column":90}},"60":{"start":{"line":131,"column":8},"end":{"line":131,"column":69}},"61":{"start":{"line":133,"column":8},"end":{"line":133,"column":20}},"62":{"start":{"line":137,"column":0},"end":{"line":145,"column":2}}},"fnMap":{"0":{"name":"(anonymous_0)","decl":{"start":{"line":7,"column":20},"end":{"line":7,"column":21}},"loc":{"start":{"line":7,"column":46},"end":{"line":14,"column":1}},"line":7},"1":{"name":"(anonymous_1)","decl":{"start":{"line":19,"column":22},"end":{"line":19,"column":23}},"loc":{"start":{"line":19,"column":48},"end":{"line":32,"column":1}},"line":19},"2":{"name":"(anonymous_2)","decl":{"start":{"line":37,"column":25},"end":{"line":37,"column":26}},"loc":{"start":{"line":37,"column":51},"end":{"line":50,"column":1}},"line":37},"3":{"name":"(anonymous_3)","decl":{"start":{"line":55,"column":24},"end":{"line":55,"column":25}},"loc":{"start":{"line":55,"column":50},"end":{"line":68,"column":1}},"line":55},"4":{"name":"(anonymous_4)","decl":{"start":{"line":73,"column":23},"end":{"line":73,"column":24}},"loc":{"start":{"line":73,"column":49},"end":{"line":90,"column":1}},"line":73},"5":{"name":"(anonymous_5)","decl":{"start":{"line":95,"column":22},"end":{"line":95,"column":23}},"loc":{"start":{"line":95,"column":48},"end":{"line":115,"column":1}},"line":95},"6":{"name":"(anonymous_6)","decl":{"start":{"line":120,"column":25},"end":{"line":120,"column":26}},"loc":{"start":{"line":120,"column":51},"end":{"line":135,"column":1}},"line":120}},"branchMap":{"0":{"loc":{"start":{"line":24,"column":8},"end":{"line":26,"column":9}},"type":"if","locations":[{"start":{"line":24,"column":8},"end":{"line":26,"column":9}},{"start":{},"end":{}}],"line":24},"1":{"loc":{"start":{"line":42,"column":8},"end":{"line":44,"column":9}},"type":"if","locations":[{"start":{"line":42,"column":8},"end":{"line":44,"column":9}},{"start":{},"end":{}}],"line":42},"2":{"loc":{"start":{"line":60,"column":8},"end":{"line":62,"column":9}},"type":"if","locations":[{"start":{"line":60,"column":8},"end":{"line":62,"column":9}},{"start":{},"end":{}}],"line":60},"3":{"loc":{"start":{"line":78,"column":8},"end":{"line":80,"column":9}},"type":"if","locations":[{"start":{"line":78,"column":8},"end":{"line":80,"column":9}},{"start":{},"end":{}}],"line":78},"4":{"loc":{"start":{"line":82,"column":8},"end":{"line":84,"column":9}},"type":"if","locations":[{"start":{"line":82,"column":8},"end":{"line":84,"column":9}},{"start":{},"end":{}}],"line":82},"5":{"loc":{"start":{"line":101,"column":8},"end":{"line":103,"column":9}},"type":"if","locations":[{"start":{"line":101,"column":8},"end":{"line":103,"column":9}},{"start":{},"end":{}}],"line":101},"6":{"loc":{"start":{"line":107,"column":8},"end":{"line":109,"column":9}},"type":"if","locations":[{"start":{"line":107,"column":8},"end":{"line":109,"column":9}},{"start":{},"end":{}}],"line":107},"7":{"loc":{"start":{"line":127,"column":8},"end":{"line":129,"column":9}},"type":"if","locations":[{"start":{"line":127,"column":8},"end":{"line":129,"column":9}},{"start":{},"end":{}}],"line":127}},"s":{"0":2,"1":2,"2":2,"3":2,"4":2,"5":1,"6":1,"7":2,"8":3,"9":3,"10":3,"11":2,"12":1,"13":1,"14":1,"15":2,"16":3,"17":3,"18":3,"19":2,"20":1,"21":1,"22":1,"23":2,"24":3,"25":3,"26":3,"27":2,"28":1,"29":1,"30":1,"31":2,"32":4,"33":4,"34":4,"35":3,"36":1,"37":2,"38":1,"39":1,"40":1,"41":2,"42":5,"43":5,"44":5,"45":5,"46":5,"47":2,"48":3,"49":2,"50":1,"51":1,"52":1,"53":2,"54":3,"55":3,"56":3,"57":3,"58":2,"59":1,"60":1,"61":1,"62":2},"f":{"0":2,"1":3,"2":3,"3":3,"4":4,"5":5,"6":3},"b":{"0":[1,1],"1":[1,1],"2":[1,1],"3":[1,2],"4":[1,1],"5":[2,3],"6":[1,1],"7":[1,1]},"_coverageSchema":"1a1c01bbd47fc00a2c39e90264f33305004495a9","hash":"82c2dee0506d8c935f823c04e75c8ea96ee09850"}
,"/Users/Suike/Repos/expressBookReviews/final_project/src/middleware/auth.js": {"path":"/Users/Suike/Repos/expressBookReviews/final_project/src/middleware/auth.js","statementMap":{"0":{"start":{"line":1,"column":12},"end":{"line":1,"column":35}},"1":{"start":{"line":2,"column":15},"end":{"line":2,"column":35}},"2":{"start":{"line":3,"column":44},"end":{"line":3,"column":79}},"3":{"start":{"line":8,"column":26},"end":{"line":23,"column":1}},"4":{"start":{"line":9,"column":4},"end":{"line":11,"column":5}},"5":{"start":{"line":10,"column":8},"end":{"line":10,"column":59}},"6":{"start":{"line":13,"column":18},"end":{"line":13,"column":55}},"7":{"start":{"line":15,"column":4},"end":{"line":22,"column":7}},"8":{"start":{"line":16,"column":8},"end":{"line":18,"column":9}},"9":{"start":{"line":17,"column":12},"end":{"line":17,"column":64}},"10":{"start":{"line":20,"column":8},"end":{"line":20,"column":24}},"11":{"start":{"line":21,"column":8},"end":{"line":21,"column":15}},"12":{"start":{"line":28,"column":21},"end":{"line":39,"column":1}},"13":{"start":{"line":29,"column":4},"end":{"line":37,"column":5}},"14":{"start":{"line":30,"column":22},"end":{"line":30,"column":59}},"15":{"start":{"line":32,"column":8},"end":{"line":36,"column":11}},"16":{"start":{"line":33,"column":12},"end":{"line":35,"column":13}},"17":{"start":{"line":34,"column":16},"end":{"line":34,"column":32}},"18":{"start":{"line":38,"column":4},"end":{"line":38,"column":11}},"19":{"start":{"line":41,"column":0},"end":{"line":44,"column":2}}},"fnMap":{"0":{"name":"(anonymous_0)","decl":{"start":{"line":8,"column":26},"end":{"line":8,"column":27}},"loc":{"start":{"line":8,"column":46},"end":{"line":23,"column":1}},"line":8},"1":{"name":"(anonymous_1)","decl":{"start":{"line":15,"column":40},"end":{"line":15,"column":41}},"loc":{"start":{"line":15,"column":55},"end":{"line":22,"column":5}},"line":15},"2":{"name":"(anonymous_2)","decl":{"start":{"line":28,"column":21},"end":{"line":28,"column":22}},"loc":{"start":{"line":28,"column":41},"end":{"line":39,"column":1}},"line":28},"3":{"name":"(anonymous_3)","decl":{"start":{"line":32,"column":44},"end":{"line":32,"column":45}},"loc":{"start":{"line":32,"column":59},"end":{"line":36,"column":9}},"line":32}},"branchMap":{"0":{"loc":{"start":{"line":9,"column":4},"end":{"line":11,"column":5}},"type":"if","locations":[{"start":{"line":9,"column":4},"end":{"line":11,"column":5}},{"start":{},"end":{}}],"line":9},"1":{"loc":{"start":{"line":9,"column":8},"end":{"line":9,"column":92}},"type":"binary-expr","locations":[{"start":{"line":9,"column":8},"end":{"line":9,"column":20}},{"start":{"line":9,"column":24},"end":{"line":9,"column":50}},{"start":{"line":9,"column":54},"end":{"line":9,"column":92}}],"line":9},"2":{"loc":{"start":{"line":16,"column":8},"end":{"line":18,"column":9}},"type":"if","locations":[{"start":{"line":16,"column":8},"end":{"line":18,"column":9}},{"start":{},"end":{}}],"line":16},"3":{"loc":{"start":{"line":29,"column":4},"end":{"line":37,"column":5}},"type":"if","locations":[{"start":{"line":29,"column":4},"end":{"line":37,"column":5}},{"start":{},"end":{}}],"line":29},"4":{"loc":{"start":{"line":29,"column":8},"end":{"line":29,"column":89}},"type":"binary-expr","locations":[{"start":{"line":29,"column":8},"end":{"line":29,"column":19}},{"start":{"line":29,"column":23},"end":{"line":29,"column":48}},{"start":{"line":29,"column":52},"end":{"line":29,"column":89}}],"line":29},"5":{"loc":{"start":{"line":33,"column":12},"end":{"line":35,"column":13}},"type":"if","locations":[{"start":{"line":33,"column":12},"end":{"line":35,"column":13}},{"start":{},"end":{}}],"line":33}},"s":{"0":1,"1":1,"2":1,"3":1,"4":3,"5":1,"6":2,"7":2,"8":2,"9":0,"10":2,"11":2,"12":1,"13":0,"14":0,"15":0,"16":0,"17":0,"18":0,"19":1},"f":{"0":3,"1":2,"2":0,"3":0},"b":{"0":[1,2],"1":[3,3,2],"2":[0,2],"3":[0,0],"4":[0,0,0],"5":[0,0]},"_coverageSchema":"1a1c01bbd47fc00a2c39e90264f33305004495a9","hash":"26a7e6ade97e04da9ec292d90a022699cce3af58"}
,"/Users/Suike/Repos/expressBookReviews/final_project/src/middleware/errorHandler.js": {"path":"/Users/Suike/Repos/expressBookReviews/final_project/src/middleware/errorHandler.js","statementMap":{"0":{"start":{"line":1,"column":15},"end":{"line":1,"column":35}},"1":{"start":{"line":2,"column":22},"end":{"line":2,"column":57}},"2":{"start":{"line":8,"column":21},"end":{"line":38,"column":1}},"3":{"start":{"line":10,"column":4},"end":{"line":12,"column":5}},"4":{"start":{"line":11,"column":8},"end":{"line":11,"column":37}},"5":{"start":{"line":15,"column":16},"end":{"line":18,"column":5}},"6":{"start":{"line":21,"column":4},"end":{"line":33,"column":5}},"7":{"start":{"line":22,"column":8},"end":{"line":22,"column":31}},"8":{"start":{"line":23,"column":8},"end":{"line":23,"column":43}},"9":{"start":{"line":24,"column":11},"end":{"line":33,"column":5}},"10":{"start":{"line":25,"column":8},"end":{"line":25,"column":31}},"11":{"start":{"line":26,"column":8},"end":{"line":26,"column":40}},"12":{"start":{"line":27,"column":11},"end":{"line":33,"column":5}},"13":{"start":{"line":28,"column":8},"end":{"line":28,"column":31}},"14":{"start":{"line":29,"column":8},"end":{"line":29,"column":40}},"15":{"start":{"line":30,"column":11},"end":{"line":33,"column":5}},"16":{"start":{"line":31,"column":8},"end":{"line":31,"column":31}},"17":{"start":{"line":32,"column":8},"end":{"line":32,"column":44}},"18":{"start":{"line":36,"column":4},"end":{"line":37,"column":55}},"19":{"start":{"line":43,"column":24},"end":{"line":47,"column":1}},"20":{"start":{"line":44,"column":18},"end":{"line":44,"column":66}},"21":{"start":{"line":45,"column":4},"end":{"line":45,"column":27}},"22":{"start":{"line":46,"column":4},"end":{"line":46,"column":16}},"23":{"start":{"line":53,"column":21},"end":{"line":55,"column":1}},"24":{"start":{"line":53,"column":29},"end":{"line":55,"column":1}},"25":{"start":{"line":54,"column":4},"end":{"line":54,"column":52}},"26":{"start":{"line":57,"column":0},"end":{"line":61,"column":2}}},"fnMap":{"0":{"name":"(anonymous_0)","decl":{"start":{"line":8,"column":21},"end":{"line":8,"column":22}},"loc":{"start":{"line":8,"column":46},"end":{"line":38,"column":1}},"line":8},"1":{"name":"(anonymous_1)","decl":{"start":{"line":43,"column":24},"end":{"line":43,"column":25}},"loc":{"start":{"line":43,"column":44},"end":{"line":47,"column":1}},"line":43},"2":{"name":"(anonymous_2)","decl":{"start":{"line":53,"column":21},"end":{"line":53,"column":22}},"loc":{"start":{"line":53,"column":29},"end":{"line":55,"column":1}},"line":53},"3":{"name":"(anonymous_3)","decl":{"start":{"line":53,"column":29},"end":{"line":53,"column":30}},"loc":{"start":{"line":53,"column":49},"end":{"line":55,"column":1}},"line":53}},"branchMap":{"0":{"loc":{"start":{"line":10,"column":4},"end":{"line":12,"column":5}},"type":"if","locations":[{"start":{"line":10,"column":4},"end":{"line":12,"column":5}},{"start":{},"end":{}}],"line":10},"1":{"loc":{"start":{"line":16,"column":20},"end":{"line":16,"column":41}},"type":"binary-expr","locations":[{"start":{"line":16,"column":20},"end":{"line":16,"column":34}},{"start":{"line":16,"column":38},"end":{"line":16,"column":41}}],"line":16},"2":{"loc":{"start":{"line":17,"column":17},"end":{"line":17,"column":55}},"type":"binary-expr","locations":[{"start":{"line":17,"column":17},"end":{"line":17,"column":28}},{"start":{"line":17,"column":32},"end":{"line":17,"column":55}}],"line":17},"3":{"loc":{"start":{"line":21,"column":4},"end":{"line":33,"column":5}},"type":"if","locations":[{"start":{"line":21,"column":4},"end":{"line":33,"column":5}},{"start":{"line":24,"column":11},"end":{"line":33,"column":5}}],"line":21},"4":{"loc":{"start":{"line":24,"column":11},"end":{"line":33,"column":5}},"type":"if","locations":[{"start":{"line":24,"column":11},"end":{"line":33,"column":5}},{"start":{"line":27,"column":11},"end":{"line":33,"column":5}}],"line":24},"5":{"loc":{"start":{"line":27,"column":11},"end":{"line":33,"column":5}},"type":"if","locations":[{"start":{"line":27,"column":11},"end":{"line":33,"column":5}},{"start":{"line":30,"column":11},"end":{"line":33,"column":5}}],"line":27},"6":{"loc":{"start":{"line":30,"column":11},"end":{"line":33,"column":5}},"type":"if","locations":[{"start":{"line":30,"column":11},"end":{"line":33,"column":5}},{"start":{},"end":{}}],"line":30},"7":{"loc":{"start":{"line":37,"column":8},"end":{"line":37,"column":53}},"type":"cond-expr","locations":[{"start":{"line":37,"column":43},"end":{"line":37,"column":46}},{"start":{"line":37,"column":49},"end":{"line":37,"column":53}}],"line":37}},"s":{"0":1,"1":1,"2":1,"3":0,"4":0,"5":0,"6":0,"7":0,"8":0,"9":0,"10":0,"11":0,"12":0,"13":0,"14":0,"15":0,"16":0,"17":0,"18":0,"19":1,"20":0,"21":0,"22":0,"23":1,"24":10,"25":11,"26":1},"f":{"0":0,"1":0,"2":10,"3":11},"b":{"0":[0,0],"1":[0,0],"2":[0,0],"3":[0,0],"4":[0,0],"5":[0,0],"6":[0,0],"7":[0,0]},"_coverageSchema":"1a1c01bbd47fc00a2c39e90264f33305004495a9","hash":"115721ed24ae51088bc42f0431c71bd60728eca1"}
,"/Users/Suike/Repos/expressBookReviews/final_project/src/middleware/security.js": {"path":"/Users/Suike/Repos/expressBookReviews/final_project/src/middleware/security.js","statementMap":{"0":{"start":{"line":1,"column":15},"end":{"line":1,"column":32}},"1":{"start":{"line":2,"column":13},"end":{"line":2,"column":28}},"2":{"start":{"line":3,"column":18},"end":{"line":3,"column":47}},"3":{"start":{"line":4,"column":15},"end":{"line":4,"column":35}},"4":{"start":{"line":9,"column":21},"end":{"line":25,"column":2}},"5":{"start":{"line":30,"column":19},"end":{"line":52,"column":2}},"6":{"start":{"line":33,"column":8},"end":{"line":33,"column":49}},"7":{"start":{"line":33,"column":21},"end":{"line":33,"column":49}},"8":{"start":{"line":36,"column":8},"end":{"line":38,"column":9}},"9":{"start":{"line":37,"column":12},"end":{"line":37,"column":40}},"10":{"start":{"line":41,"column":31},"end":{"line":41,"column":59}},"11":{"start":{"line":42,"column":8},"end":{"line":44,"column":9}},"12":{"start":{"line":43,"column":12},"end":{"line":43,"column":40}},"13":{"start":{"line":46,"column":8},"end":{"line":46,"column":58}},"14":{"start":{"line":57,"column":25},"end":{"line":70,"column":2}},"15":{"start":{"line":68,"column":8},"end":{"line":68,"column":62}},"16":{"start":{"line":75,"column":22},"end":{"line":90,"column":2}},"17":{"start":{"line":87,"column":25},"end":{"line":87,"column":56}},"18":{"start":{"line":88,"column":8},"end":{"line":88,"column":39}},"19":{"start":{"line":95,"column":30},"end":{"line":104,"column":2}},"20":{"start":{"line":109,"column":32},"end":{"line":118,"column":2}},"21":{"start":{"line":123,"column":24},"end":{"line":136,"column":1}},"22":{"start":{"line":125,"column":4},"end":{"line":125,"column":55}},"23":{"start":{"line":126,"column":4},"end":{"line":126,"column":45}},"24":{"start":{"line":127,"column":4},"end":{"line":127,"column":55}},"25":{"start":{"line":128,"column":4},"end":{"line":128,"column":72}},"26":{"start":{"line":129,"column":4},"end":{"line":129,"column":84}},"27":{"start":{"line":132,"column":4},"end":{"line":132,"column":37}},"28":{"start":{"line":133,"column":4},"end":{"line":133,"column":31}},"29":{"start":{"line":135,"column":4},"end":{"line":135,"column":11}},"30":{"start":{"line":138,"column":0},"end":{"line":146,"column":2}}},"fnMap":{"0":{"name":"(anonymous_0)","decl":{"start":{"line":31,"column":12},"end":{"line":31,"column":13}},"loc":{"start":{"line":31,"column":40},"end":{"line":47,"column":5}},"line":31},"1":{"name":"(anonymous_1)","decl":{"start":{"line":66,"column":10},"end":{"line":66,"column":11}},"loc":{"start":{"line":66,"column":19},"end":{"line":69,"column":5}},"line":66},"2":{"name":"(anonymous_2)","decl":{"start":{"line":85,"column":18},"end":{"line":85,"column":19}},"loc":{"start":{"line":85,"column":27},"end":{"line":89,"column":5}},"line":85},"3":{"name":"(anonymous_3)","decl":{"start":{"line":123,"column":24},"end":{"line":123,"column":25}},"loc":{"start":{"line":123,"column":44},"end":{"line":136,"column":1}},"line":123}},"branchMap":{"0":{"loc":{"start":{"line":33,"column":8},"end":{"line":33,"column":49}},"type":"if","locations":[{"start":{"line":33,"column":8},"end":{"line":33,"column":49}},{"start":{},"end":{}}],"line":33},"1":{"loc":{"start":{"line":36,"column":8},"end":{"line":38,"column":9}},"type":"if","locations":[{"start":{"line":36,"column":8},"end":{"line":38,"column":9}},{"start":{},"end":{}}],"line":36},"2":{"loc":{"start":{"line":42,"column":8},"end":{"line":44,"column":9}},"type":"if","locations":[{"start":{"line":42,"column":8},"end":{"line":44,"column":9}},{"start":{},"end":{}}],"line":42},"3":{"loc":{"start":{"line":68,"column":15},"end":{"line":68,"column":61}},"type":"binary-expr","locations":[{"start":{"line":68,"column":15},"end":{"line":68,"column":37}},{"start":{"line":68,"column":41},"end":{"line":68,"column":61}}],"line":68},"4":{"loc":{"start":{"line":87,"column":25},"end":{"line":87,"column":56}},"type":"binary-expr","locations":[{"start":{"line":87,"column":25},"end":{"line":87,"column":43}},{"start":{"line":87,"column":47},"end":{"line":87,"column":56}}],"line":87}},"s":{"0":1,"1":1,"2":1,"3":1,"4":1,"5":1,"6":15,"7":15,"8":0,"9":0,"10":0,"11":0,"12":0,"13":0,"14":1,"15":15,"16":1,"17":8,"18":8,"19":1,"20":1,"21":1,"22":15,"23":15,"24":15,"25":15,"26":15,"27":15,"28":15,"29":15,"30":1},"f":{"0":15,"1":15,"2":8,"3":15},"b":{"0":[15,0],"1":[0,0],"2":[0,0],"3":[15,14],"4":[8,0]},"_coverageSchema":"1a1c01bbd47fc00a2c39e90264f33305004495a9","hash":"bcc5efc79414bba34232558436de2b40faec2f5e"}
,"/Users/Suike/Repos/expressBookReviews/final_project/src/middleware/validation.js": {"path":"/Users/Suike/Repos/expressBookReviews/final_project/src/middleware/validation.js","statementMap":{"0":{"start":{"line":1,"column":35},"end":{"line":1,"column":63}},"1":{"start":{"line":2,"column":32},"end":{"line":2,"column":67}},"2":{"start":{"line":7,"column":31},"end":{"line":14,"column":1}},"3":{"start":{"line":8,"column":19},"end":{"line":8,"column":40}},"4":{"start":{"line":9,"column":4},"end":{"line":12,"column":5}},"5":{"start":{"line":10,"column":30},"end":{"line":10,"column":68}},"6":{"start":{"line":10,"column":58},"end":{"line":10,"column":67}},"7":{"start":{"line":11,"column":8},"end":{"line":11,"column":66}},"8":{"start":{"line":13,"column":4},"end":{"line":13,"column":11}},"9":{"start":{"line":19,"column":29},"end":{"line":33,"column":1}},"10":{"start":{"line":38,"column":22},"end":{"line":48,"column":1}},"11":{"start":{"line":53,"column":21},"end":{"line":86,"column":1}},"12":{"start":{"line":91,"column":23},"end":{"line":101,"column":1}},"13":{"start":{"line":106,"column":21},"end":{"line":111,"column":1}},"14":{"start":{"line":113,"column":0},"end":{"line":120,"column":2}}},"fnMap":{"0":{"name":"(anonymous_0)","decl":{"start":{"line":7,"column":31},"end":{"line":7,"column":32}},"loc":{"start":{"line":7,"column":51},"end":{"line":14,"column":1}},"line":7},"1":{"name":"(anonymous_1)","decl":{"start":{"line":10,"column":49},"end":{"line":10,"column":50}},"loc":{"start":{"line":10,"column":58},"end":{"line":10,"column":67}},"line":10}},"branchMap":{"0":{"loc":{"start":{"line":9,"column":4},"end":{"line":12,"column":5}},"type":"if","locations":[{"start":{"line":9,"column":4},"end":{"line":12,"column":5}},{"start":{},"end":{}}],"line":9}},"s":{"0":1,"1":1,"2":1,"3":11,"4":11,"5":2,"6":3,"7":2,"8":9,"9":1,"10":1,"11":1,"12":1,"13":1,"14":1},"f":{"0":11,"1":3},"b":{"0":[2,9]},"_coverageSchema":"1a1c01bbd47fc00a2c39e90264f33305004495a9","hash":"f9ba35998880dcd79a2db5d9ab2eb416f9a6a4f9"}
,"/Users/Suike/Repos/expressBookReviews/final_project/src/models/Book.js": {"path":"/Users/Suike/Repos/expressBookReviews/final_project/src/models/Book.js","statementMap":{"0":{"start":{"line":1,"column":12},"end":{"line":12,"column":1}},"1":{"start":{"line":16,"column":8},"end":{"line":16,"column":21}},"2":{"start":{"line":20,"column":8},"end":{"line":20,"column":35}},"3":{"start":{"line":24,"column":30},"end":{"line":24,"column":32}},"4":{"start":{"line":25,"column":8},"end":{"line":29,"column":9}},"5":{"start":{"line":26,"column":12},"end":{"line":28,"column":13}},"6":{"start":{"line":27,"column":16},"end":{"line":27,"column":47}},"7":{"start":{"line":30,"column":8},"end":{"line":30,"column":29}},"8":{"start":{"line":34,"column":29},"end":{"line":34,"column":31}},"9":{"start":{"line":35,"column":8},"end":{"line":39,"column":9}},"10":{"start":{"line":36,"column":12},"end":{"line":38,"column":13}},"11":{"start":{"line":37,"column":16},"end":{"line":37,"column":46}},"12":{"start":{"line":40,"column":8},"end":{"line":40,"column":28}},"13":{"start":{"line":44,"column":8},"end":{"line":46,"column":9}},"14":{"start":{"line":45,"column":12},"end":{"line":45,"column":25}},"15":{"start":{"line":47,"column":8},"end":{"line":47,"column":47}},"16":{"start":{"line":48,"column":8},"end":{"line":48,"column":20}},"17":{"start":{"line":52,"column":8},"end":{"line":54,"column":9}},"18":{"start":{"line":53,"column":12},"end":{"line":53,"column":25}},"19":{"start":{"line":55,"column":8},"end":{"line":55,"column":45}},"20":{"start":{"line":56,"column":8},"end":{"line":56,"column":20}},"21":{"start":{"line":60,"column":8},"end":{"line":62,"column":9}},"22":{"start":{"line":61,"column":12},"end":{"line":61,"column":24}},"23":{"start":{"line":63,"column":8},"end":{"line":63,"column":35}},"24":{"start":{"line":67,"column":0},"end":{"line":67,"column":22}}},"fnMap":{"0":{"name":"(anonymous_0)","decl":{"start":{"line":15,"column":4},"end":{"line":15,"column":5}},"loc":{"start":{"line":15,"column":20},"end":{"line":17,"column":5}},"line":15},"1":{"name":"(anonymous_1)","decl":{"start":{"line":19,"column":4},"end":{"line":19,"column":5}},"loc":{"start":{"line":19,"column":27},"end":{"line":21,"column":5}},"line":19},"2":{"name":"(anonymous_2)","decl":{"start":{"line":23,"column":4},"end":{"line":23,"column":5}},"loc":{"start":{"line":23,"column":31},"end":{"line":31,"column":5}},"line":23},"3":{"name":"(anonymous_3)","decl":{"start":{"line":33,"column":4},"end":{"line":33,"column":5}},"loc":{"start":{"line":33,"column":29},"end":{"line":41,"column":5}},"line":33},"4":{"name":"(anonymous_4)","decl":{"start":{"line":43,"column":4},"end":{"line":43,"column":5}},"loc":{"start":{"line":43,"column":45},"end":{"line":49,"column":5}},"line":43},"5":{"name":"(anonymous_5)","decl":{"start":{"line":51,"column":4},"end":{"line":51,"column":5}},"loc":{"start":{"line":51,"column":40},"end":{"line":57,"column":5}},"line":51},"6":{"name":"(anonymous_6)","decl":{"start":{"line":59,"column":4},"end":{"line":59,"column":5}},"loc":{"start":{"line":59,"column":28},"end":{"line":64,"column":5}},"line":59}},"branchMap":{"0":{"loc":{"start":{"line":20,"column":15},"end":{"line":20,"column":34}},"type":"binary-expr","locations":[{"start":{"line":20,"column":15},"end":{"line":20,"column":26}},{"start":{"line":20,"column":30},"end":{"line":20,"column":34}}],"line":20},"1":{"loc":{"start":{"line":26,"column":12},"end":{"line":28,"column":13}},"type":"if","locations":[{"start":{"line":26,"column":12},"end":{"line":28,"column":13}},{"start":{},"end":{}}],"line":26},"2":{"loc":{"start":{"line":36,"column":12},"end":{"line":38,"column":13}},"type":"if","locations":[{"start":{"line":36,"column":12},"end":{"line":38,"column":13}},{"start":{},"end":{}}],"line":36},"3":{"loc":{"start":{"line":44,"column":8},"end":{"line":46,"column":9}},"type":"if","locations":[{"start":{"line":44,"column":8},"end":{"line":46,"column":9}},{"start":{},"end":{}}],"line":44},"4":{"loc":{"start":{"line":52,"column":8},"end":{"line":54,"column":9}},"type":"if","locations":[{"start":{"line":52,"column":8},"end":{"line":54,"column":9}},{"start":{},"end":{}}],"line":52},"5":{"loc":{"start":{"line":52,"column":12},"end":{"line":52,"column":58}},"type":"binary-expr","locations":[{"start":{"line":52,"column":12},"end":{"line":52,"column":24}},{"start":{"line":52,"column":28},"end":{"line":52,"column":58}}],"line":52},"6":{"loc":{"start":{"line":60,"column":8},"end":{"line":62,"column":9}},"type":"if","locations":[{"start":{"line":60,"column":8},"end":{"line":62,"column":9}},{"start":{},"end":{}}],"line":60}},"s":{"0":3,"1":28,"2":7,"3":5,"4":5,"5":50,"6":5,"7":5,"8":6,"9":6,"10":60,"11":4,"12":6,"13":25,"14":1,"15":24,"16":24,"17":6,"18":3,"19":3,"20":3,"21":11,"22":1,"23":10,"24":3},"f":{"0":28,"1":7,"2":5,"3":6,"4":25,"5":6,"6":11},"b":{"0":[7,2],"1":[5,45],"2":[4,56],"3":[1,24],"4":[3,3],"5":[6,5],"6":[1,10]},"_coverageSchema":"1a1c01bbd47fc00a2c39e90264f33305004495a9","hash":"aacb0409dee4241e69e16ff0eca1f42a5503e268"}
,"/Users/Suike/Repos/expressBookReviews/final_project/src/models/User.js": {"path":"/Users/Suike/Repos/expressBookReviews/final_project/src/models/User.js","statementMap":{"0":{"start":{"line":1,"column":15},"end":{"line":1,"column":34}},"1":{"start":{"line":2,"column":15},"end":{"line":2,"column":35}},"2":{"start":{"line":5,"column":12},"end":{"line":5,"column":14}},"3":{"start":{"line":8,"column":30},"end":{"line":15,"column":1}},"4":{"start":{"line":9,"column":4},"end":{"line":14,"column":5}},"5":{"start":{"line":10,"column":31},"end":{"line":10,"column":82}},"6":{"start":{"line":11,"column":8},"end":{"line":11,"column":69}},"7":{"start":{"line":13,"column":8},"end":{"line":13,"column":65}},"8":{"start":{"line":18,"column":0},"end":{"line":18,"column":24}},"9":{"start":{"line":22,"column":8},"end":{"line":22,"column":21}},"10":{"start":{"line":26,"column":8},"end":{"line":26,"column":62}},"11":{"start":{"line":26,"column":34},"end":{"line":26,"column":60}},"12":{"start":{"line":30,"column":8},"end":{"line":30,"column":62}},"13":{"start":{"line":30,"column":34},"end":{"line":30,"column":60}},"14":{"start":{"line":34,"column":8},"end":{"line":36,"column":9}},"15":{"start":{"line":35,"column":12},"end":{"line":35,"column":25}},"16":{"start":{"line":38,"column":8},"end":{"line":46,"column":9}},"17":{"start":{"line":40,"column":35},"end":{"line":40,"column":87}},"18":{"start":{"line":41,"column":12},"end":{"line":41,"column":63}},"19":{"start":{"line":42,"column":12},"end":{"line":42,"column":24}},"20":{"start":{"line":44,"column":12},"end":{"line":44,"column":60}},"21":{"start":{"line":45,"column":12},"end":{"line":45,"column":25}},"22":{"start":{"line":50,"column":21},"end":{"line":50,"column":50}},"23":{"start":{"line":51,"column":8},"end":{"line":53,"column":9}},"24":{"start":{"line":52,"column":12},"end":{"line":52,"column":25}},"25":{"start":{"line":55,"column":8},"end":{"line":61,"column":9}},"26":{"start":{"line":57,"column":12},"end":{"line":57,"column":65}},"27":{"start":{"line":59,"column":12},"end":{"line":59,"column":63}},"28":{"start":{"line":60,"column":12},"end":{"line":60,"column":25}},"29":{"start":{"line":65,"column":0},"end":{"line":65,"column":22}}},"fnMap":{"0":{"name":"(anonymous_0)","decl":{"start":{"line":8,"column":30},"end":{"line":8,"column":31}},"loc":{"start":{"line":8,"column":42},"end":{"line":15,"column":1}},"line":8},"1":{"name":"(anonymous_1)","decl":{"start":{"line":21,"column":4},"end":{"line":21,"column":5}},"loc":{"start":{"line":21,"column":20},"end":{"line":23,"column":5}},"line":21},"2":{"name":"(anonymous_2)","decl":{"start":{"line":25,"column":4},"end":{"line":25,"column":5}},"loc":{"start":{"line":25,"column":36},"end":{"line":27,"column":5}},"line":25},"3":{"name":"(anonymous_3)","decl":{"start":{"line":26,"column":26},"end":{"line":26,"column":27}},"loc":{"start":{"line":26,"column":34},"end":{"line":26,"column":60}},"line":26},"4":{"name":"(anonymous_4)","decl":{"start":{"line":29,"column":4},"end":{"line":29,"column":5}},"loc":{"start":{"line":29,"column":28},"end":{"line":31,"column":5}},"line":29},"5":{"name":"(anonymous_5)","decl":{"start":{"line":30,"column":26},"end":{"line":30,"column":27}},"loc":{"start":{"line":30,"column":34},"end":{"line":30,"column":60}},"line":30},"6":{"name":"(anonymous_6)","decl":{"start":{"line":33,"column":4},"end":{"line":33,"column":5}},"loc":{"start":{"line":33,"column":44},"end":{"line":47,"column":5}},"line":33},"7":{"name":"(anonymous_7)","decl":{"start":{"line":49,"column":4},"end":{"line":49,"column":5}},"loc":{"start":{"line":49,"column":50},"end":{"line":62,"column":5}},"line":49}},"branchMap":{"0":{"loc":{"start":{"line":34,"column":8},"end":{"line":36,"column":9}},"type":"if","locations":[{"start":{"line":34,"column":8},"end":{"line":36,"column":9}},{"start":{},"end":{}}],"line":34},"1":{"loc":{"start":{"line":51,"column":8},"end":{"line":53,"column":9}},"type":"if","locations":[{"start":{"line":51,"column":8},"end":{"line":53,"column":9}},{"start":{},"end":{}}],"line":51}},"s":{"0":2,"1":2,"2":2,"3":2,"4":2,"5":2,"6":1,"7":0,"8":2,"9":18,"10":15,"11":19,"12":24,"13":14,"14":17,"15":2,"16":15,"17":15,"18":14,"19":14,"20":1,"21":1,"22":11,"23":11,"24":1,"25":10,"26":10,"27":1,"28":1,"29":2},"f":{"0":2,"1":18,"2":15,"3":19,"4":24,"5":14,"6":17,"7":11},"b":{"0":[2,15],"1":[1,10]},"_coverageSchema":"1a1c01bbd47fc00a2c39e90264f33305004495a9","hash":"c802c5ca775f76cc5623eefa9d9e1f592b9074be"}
,"/Users/Suike/Repos/expressBookReviews/final_project/src/routes/authRoutes.js": {"path":"/Users/Suike/Repos/expressBookReviews/final_project/src/routes/authRoutes.js","statementMap":{"0":{"start":{"line":1,"column":16},"end":{"line":1,"column":34}},"1":{"start":{"line":2,"column":36},"end":{"line":2,"column":76}},"2":{"start":{"line":3,"column":30},"end":{"line":3,"column":59}},"3":{"start":{"line":4,"column":25},"end":{"line":4,"column":62}},"4":{"start":{"line":5,"column":48},"end":{"line":5,"column":83}},"5":{"start":{"line":6,"column":49},"end":{"line":6,"column":82}},"6":{"start":{"line":8,"column":15},"end":{"line":8,"column":31}},"7":{"start":{"line":11,"column":0},"end":{"line":15,"column":2}},"8":{"start":{"line":18,"column":0},"end":{"line":22,"column":2}},"9":{"start":{"line":25,"column":0},"end":{"line":25,"column":64}},"10":{"start":{"line":27,"column":0},"end":{"line":27,"column":24}}},"fnMap":{},"branchMap":{},"s":{"0":1,"1":1,"2":1,"3":1,"4":1,"5":1,"6":1,"7":1,"8":1,"9":1,"10":1},"f":{},"b":{},"_coverageSchema":"1a1c01bbd47fc00a2c39e90264f33305004495a9","hash":"a5b20f8557f18b7cf502e2a75b36f07badd6ac6d"}
,"/Users/Suike/Repos/expressBookReviews/final_project/src/routes/booksRoutes.js": {"path":"/Users/Suike/Repos/expressBookReviews/final_project/src/routes/booksRoutes.js","statementMap":{"0":{"start":{"line":1,"column":16},"end":{"line":1,"column":34}},"1":{"start":{"line":10,"column":4},"end":{"line":10,"column":45}},"2":{"start":{"line":11,"column":30},"end":{"line":11,"column":59}},"3":{"start":{"line":12,"column":25},"end":{"line":12,"column":62}},"4":{"start":{"line":13,"column":27},"end":{"line":13,"column":62}},"5":{"start":{"line":14,"column":36},"end":{"line":14,"column":69}},"6":{"start":{"line":16,"column":15},"end":{"line":16,"column":31}},"7":{"start":{"line":19,"column":0},"end":{"line":19,"column":36}},"8":{"start":{"line":22,"column":0},"end":{"line":22,"column":43}},"9":{"start":{"line":23,"column":0},"end":{"line":23,"column":55}},"10":{"start":{"line":24,"column":0},"end":{"line":24,"column":62}},"11":{"start":{"line":25,"column":0},"end":{"line":25,"column":59}},"12":{"start":{"line":26,"column":0},"end":{"line":26,"column":58}},"13":{"start":{"line":29,"column":0},"end":{"line":33,"column":2}},"14":{"start":{"line":34,"column":0},"end":{"line":37,"column":2}},"15":{"start":{"line":39,"column":0},"end":{"line":39,"column":24}}},"fnMap":{},"branchMap":{},"s":{"0":1,"1":1,"2":1,"3":1,"4":1,"5":1,"6":1,"7":1,"8":1,"9":1,"10":1,"11":1,"12":1,"13":1,"14":1,"15":1},"f":{},"b":{},"_coverageSchema":"1a1c01bbd47fc00a2c39e90264f33305004495a9","hash":"842be618ab6726117689f201807807b3a2b0d937"}
,"/Users/Suike/Repos/expressBookReviews/final_project/src/routes/index.js": {"path":"/Users/Suike/Repos/expressBookReviews/final_project/src/routes/index.js","statementMap":{"0":{"start":{"line":1,"column":16},"end":{"line":1,"column":34}},"1":{"start":{"line":2,"column":19},"end":{"line":2,"column":42}},"2":{"start":{"line":3,"column":20},"end":{"line":3,"column":44}},"3":{"start":{"line":5,"column":15},"end":{"line":5,"column":31}},"4":{"start":{"line":8,"column":0},"end":{"line":8,"column":36}},"5":{"start":{"line":9,"column":0},"end":{"line":9,"column":29}},"6":{"start":{"line":11,"column":0},"end":{"line":11,"column":24}}},"fnMap":{},"branchMap":{},"s":{"0":1,"1":1,"2":1,"3":1,"4":1,"5":1,"6":1},"f":{},"b":{},"_coverageSchema":"1a1c01bbd47fc00a2c39e90264f33305004495a9","hash":"aa213bd94b238592d7980e8ff145e97d34adc4a4"}
,"/Users/Suike/Repos/expressBookReviews/final_project/src/utils/responseHelpers.js": {"path":"/Users/Suike/Repos/expressBookReviews/final_project/src/utils/responseHelpers.js","statementMap":{"0":{"start":{"line":5,"column":20},"end":{"line":11,"column":1}},"1":{"start":{"line":6,"column":4},"end":{"line":10,"column":7}},"2":{"start":{"line":13,"column":18},"end":{"line":24,"column":1}},"3":{"start":{"line":14,"column":21},"end":{"line":17,"column":5}},"4":{"start":{"line":19,"column":4},"end":{"line":21,"column":5}},"5":{"start":{"line":20,"column":8},"end":{"line":20,"column":31}},"6":{"start":{"line":23,"column":4},"end":{"line":23,"column":49}},"7":{"start":{"line":26,"column":28},"end":{"line":32,"column":1}},"8":{"start":{"line":27,"column":4},"end":{"line":31,"column":7}},"9":{"start":{"line":34,"column":21},"end":{"line":39,"column":1}},"10":{"start":{"line":35,"column":4},"end":{"line":38,"column":7}},"11":{"start":{"line":41,"column":25},"end":{"line":46,"column":1}},"12":{"start":{"line":42,"column":4},"end":{"line":45,"column":7}},"13":{"start":{"line":48,"column":22},"end":{"line":53,"column":1}},"14":{"start":{"line":49,"column":4},"end":{"line":52,"column":7}},"15":{"start":{"line":55,"column":0},"end":{"line":62,"column":2}}},"fnMap":{"0":{"name":"(anonymous_0)","decl":{"start":{"line":5,"column":20},"end":{"line":5,"column":21}},"loc":{"start":{"line":5,"column":74},"end":{"line":11,"column":1}},"line":5},"1":{"name":"(anonymous_1)","decl":{"start":{"line":13,"column":18},"end":{"line":13,"column":19}},"loc":{"start":{"line":13,"column":90},"end":{"line":24,"column":1}},"line":13},"2":{"name":"(anonymous_2)","decl":{"start":{"line":26,"column":28},"end":{"line":26,"column":29}},"loc":{"start":{"line":26,"column":81},"end":{"line":32,"column":1}},"line":26},"3":{"name":"(anonymous_3)","decl":{"start":{"line":34,"column":21},"end":{"line":34,"column":22}},"loc":{"start":{"line":34,"column":62},"end":{"line":39,"column":1}},"line":34},"4":{"name":"(anonymous_4)","decl":{"start":{"line":41,"column":25},"end":{"line":41,"column":26}},"loc":{"start":{"line":41,"column":60},"end":{"line":46,"column":1}},"line":41},"5":{"name":"(anonymous_5)","decl":{"start":{"line":48,"column":22},"end":{"line":48,"column":23}},"loc":{"start":{"line":48,"column":54},"end":{"line":53,"column":1}},"line":48}},"branchMap":{"0":{"loc":{"start":{"line":5,"column":32},"end":{"line":5,"column":51}},"type":"default-arg","locations":[{"start":{"line":5,"column":42},"end":{"line":5,"column":51}}],"line":5},"1":{"loc":{"start":{"line":5,"column":53},"end":{"line":5,"column":69}},"type":"default-arg","locations":[{"start":{"line":5,"column":66},"end":{"line":5,"column":69}}],"line":5},"2":{"loc":{"start":{"line":13,"column":24},"end":{"line":13,"column":53}},"type":"default-arg","locations":[{"start":{"line":13,"column":34},"end":{"line":13,"column":53}}],"line":13},"3":{"loc":{"start":{"line":13,"column":55},"end":{"line":13,"column":71}},"type":"default-arg","locations":[{"start":{"line":13,"column":68},"end":{"line":13,"column":71}}],"line":13},"4":{"loc":{"start":{"line":13,"column":73},"end":{"line":13,"column":85}},"type":"default-arg","locations":[{"start":{"line":13,"column":81},"end":{"line":13,"column":85}}],"line":13},"5":{"loc":{"start":{"line":19,"column":4},"end":{"line":21,"column":5}},"type":"if","locations":[{"start":{"line":19,"column":4},"end":{"line":21,"column":5}},{"start":{},"end":{}}],"line":19},"6":{"loc":{"start":{"line":19,"column":8},"end":{"line":19,"column":55}},"type":"binary-expr","locations":[{"start":{"line":19,"column":8},"end":{"line":19,"column":13}},{"start":{"line":19,"column":17},"end":{"line":19,"column":55}}],"line":19},"7":{"loc":{"start":{"line":26,"column":34},"end":{"line":26,"column":63}},"type":"default-arg","locations":[{"start":{"line":26,"column":44},"end":{"line":26,"column":63}}],"line":26},"8":{"loc":{"start":{"line":26,"column":65},"end":{"line":26,"column":76}},"type":"default-arg","locations":[{"start":{"line":26,"column":74},"end":{"line":26,"column":76}}],"line":26},"9":{"loc":{"start":{"line":34,"column":27},"end":{"line":34,"column":57}},"type":"default-arg","locations":[{"start":{"line":34,"column":37},"end":{"line":34,"column":57}}],"line":34},"10":{"loc":{"start":{"line":41,"column":31},"end":{"line":41,"column":55}},"type":"default-arg","locations":[{"start":{"line":41,"column":41},"end":{"line":41,"column":55}}],"line":41},"11":{"loc":{"start":{"line":48,"column":28},"end":{"line":48,"column":49}},"type":"default-arg","locations":[{"start":{"line":48,"column":38},"end":{"line":48,"column":49}}],"line":48}},"s":{"0":4,"1":12,"2":4,"3":4,"4":4,"5":1,"6":4,"7":4,"8":4,"9":4,"10":2,"11":4,"12":5,"13":4,"14":2,"15":4},"f":{"0":12,"1":4,"2":4,"3":2,"4":5,"5":2},"b":{"0":[1],"1":[9],"2":[1],"3":[1],"4":[2],"5":[1,3],"6":[4,2],"7":[1],"8":[3],"9":[1],"10":[1],"11":[1]},"_coverageSchema":"1a1c01bbd47fc00a2c39e90264f33305004495a9","hash":"1c484c47882dd443d0254eecc4c6cbf3d71e7090"}
}
