TN:
SF:index.js
FN:4,(anonymous_0)
FNF:1
FNH:0
FNDA:0,(anonymous_0)
DA:1,0
DA:2,0
DA:4,0
DA:5,0
LF:4
LH:0
BRF:0
BRH:0
end_of_record
TN:
SF:router/auth_users.js
FN:9,(anonymous_0)
FN:10,(anonymous_1)
FN:13,(anonymous_2)
FN:14,(anonymous_3)
FN:23,(anonymous_4)
FN:41,(anonymous_5)
FN:51,(anonymous_6)
FN:57,(anonymous_7)
FN:79,(anonymous_8)
FN:86,(anonymous_9)
FNF:10
FNH:8
FNDA:0,(anonymous_0)
FNDA:0,(anonymous_1)
FNDA:9,(anonymous_2)
FNDA:9,(anonymous_3)
FNDA:9,(anonymous_4)
FNDA:9,(anonymous_5)
FNDA:3,(anonymous_6)
FNDA:3,(anonymous_7)
FNDA:3,(anonymous_8)
FNDA:3,(anonymous_9)
DA:1,1
DA:2,1
DA:3,1
DA:4,1
DA:6,1
DA:9,1
DA:10,0
DA:13,1
DA:14,9
DA:15,9
DA:16,9
DA:18,0
DA:23,1
DA:24,9
DA:27,9
DA:28,0
DA:31,9
DA:32,9
DA:33,0
DA:37,9
DA:39,9
DA:41,9
DA:42,9
DA:43,0
DA:47,9
DA:51,1
DA:52,3
DA:53,0
DA:56,3
DA:57,3
DA:58,3
DA:59,0
DA:62,3
DA:63,3
DA:65,3
DA:66,1
DA:70,2
DA:71,0
DA:73,2
DA:75,2
DA:79,1
DA:80,3
DA:81,0
DA:84,3
DA:86,3
DA:87,3
DA:88,0
DA:91,3
DA:92,3
DA:94,3
DA:95,1
DA:98,2
DA:100,1
DA:101,1
DA:103,1
DA:108,1
DA:109,1
DA:110,1
LF:58
LH:48
BRDA:15,0,0,9
BRDA:15,0,1,0
BRDA:15,1,0,9
BRDA:15,1,1,9
BRDA:27,2,0,0
BRDA:27,2,1,9
BRDA:27,3,0,9
BRDA:27,3,1,9
BRDA:32,4,0,0
BRDA:32,4,1,9
BRDA:42,5,0,0
BRDA:42,5,1,9
BRDA:52,6,0,0
BRDA:52,6,1,3
BRDA:52,7,0,3
BRDA:52,7,1,3
BRDA:52,7,2,3
BRDA:58,8,0,0
BRDA:58,8,1,3
BRDA:65,9,0,1
BRDA:65,9,1,2
BRDA:70,10,0,0
BRDA:70,10,1,2
BRDA:80,11,0,0
BRDA:80,11,1,3
BRDA:80,12,0,3
BRDA:80,12,1,3
BRDA:80,12,2,3
BRDA:87,13,0,0
BRDA:87,13,1,3
BRDA:94,14,0,1
BRDA:94,14,1,2
BRDA:98,15,0,1
BRDA:98,15,1,1
BRDA:98,16,0,2
BRDA:98,16,1,2
BRF:36
BRH:27
end_of_record
TN:
SF:router/booksdb.js
FNF:0
FNH:0
DA:1,1
DA:14,1
LF:2
LH:2
BRF:0
BRH:0
end_of_record
TN:
SF:router/general.js
FN:10,(anonymous_0)
FN:19,(anonymous_1)
FN:30,(anonymous_2)
FN:47,(anonymous_3)
FN:66,(anonymous_4)
FN:93,(anonymous_5)
FN:121,(anonymous_6)
FNF:7
FNH:3
FNDA:6,(anonymous_0)
FNDA:5,(anonymous_1)
FNDA:0,(anonymous_2)
FNDA:0,(anonymous_3)
FNDA:0,(anonymous_4)
FNDA:0,(anonymous_5)
FNDA:3,(anonymous_6)
DA:1,1
DA:2,1
DA:3,1
DA:4,1
DA:5,1
DA:6,1
DA:10,1
DA:11,6
DA:14,6
DA:15,2
DA:19,5
DA:20,2
DA:24,2
DA:26,2
DA:30,1
DA:31,0
DA:36,0
DA:39,0
DA:40,0
DA:47,1
DA:48,0
DA:50,0
DA:54,0
DA:55,0
DA:57,0
DA:61,0
DA:62,0
DA:66,1
DA:67,0
DA:68,0
DA:71,0
DA:73,0
DA:74,0
DA:75,0
DA:80,0
DA:81,0
DA:83,0
DA:87,0
DA:88,0
DA:93,1
DA:94,0
DA:96,0
DA:99,0
DA:101,0
DA:102,0
DA:103,0
DA:108,0
DA:109,0
DA:111,0
DA:115,0
DA:116,0
DA:121,1
DA:122,3
DA:123,3
DA:124,2
DA:125,2
DA:126,1
DA:128,1
DA:131,1
DA:135,1
LF:60
LH:27
BRDA:14,0,0,2
BRDA:14,0,1,4
BRDA:14,1,0,6
BRDA:14,1,1,5
BRDA:19,2,0,2
BRDA:19,2,1,2
BRDA:54,3,0,0
BRDA:54,3,1,0
BRDA:74,4,0,0
BRDA:74,4,1,0
BRDA:80,5,0,0
BRDA:80,5,1,0
BRDA:102,6,0,0
BRDA:102,6,1,0
BRDA:108,7,0,0
BRDA:108,7,1,0
BRDA:123,8,0,2
BRDA:123,8,1,1
BRDA:125,9,0,1
BRDA:125,9,1,1
BRF:20
BRH:10
end_of_record
TN:
SF:src/app.js
FN:49,(anonymous_0)
FNF:1
FNH:1
FNDA:1,(anonymous_0)
DA:1,1
DA:2,1
DA:3,1
DA:4,1
DA:5,1
DA:6,1
DA:12,1
DA:14,1
DA:17,1
DA:18,1
DA:19,1
DA:22,1
DA:23,0
DA:27,1
DA:30,1
DA:31,1
DA:32,1
DA:35,1
DA:49,1
DA:50,1
DA:54,1
DA:57,1
DA:60,1
DA:62,1
LF:24
LH:23
BRDA:22,0,0,0
BRDA:22,0,1,1
BRF:2
BRH:1
end_of_record
TN:
SF:src/config/index.js
FN:4,(anonymous_0)
FN:9,(anonymous_1)
FNF:2
FNH:1
FNDA:2,(anonymous_0)
FNDA:0,(anonymous_1)
DA:1,1
DA:4,1
DA:5,2
DA:9,1
DA:10,0
DA:11,0
DA:16,1
DA:17,1
DA:19,1
DA:53,1
DA:54,0
DA:56,1
DA:57,0
DA:60,1
LF:14
LH:10
BRDA:10,0,0,0
BRDA:10,0,1,0
BRDA:10,1,0,0
BRDA:10,1,1,0
BRDA:21,2,0,1
BRDA:21,2,1,1
BRDA:24,3,0,1
BRDA:24,3,1,0
BRDA:25,4,0,1
BRDA:25,4,1,1
BRDA:28,5,0,1
BRDA:28,5,1,0
BRDA:29,6,0,1
BRDA:29,6,1,1
BRDA:30,7,0,1
BRDA:30,7,1,1
BRDA:33,8,0,1
BRDA:33,8,1,0
BRDA:36,9,0,1
BRDA:36,9,1,1
BRDA:39,10,0,1
BRDA:39,10,1,1
BRDA:42,11,0,1
BRDA:42,11,1,0
BRDA:45,12,0,1
BRDA:45,12,1,1
BRDA:46,13,0,1
BRDA:46,13,1,1
BRDA:49,14,0,1
BRDA:49,14,1,1
BRDA:53,15,0,0
BRDA:53,15,1,1
BRDA:56,16,0,0
BRDA:56,16,1,1
BRF:34
BRH:24
end_of_record
TN:
SF:src/controllers/authController.js
FN:9,(anonymous_0)
FN:34,(anonymous_1)
FN:56,(anonymous_2)
FN:71,(anonymous_3)
FN:73,(anonymous_4)
FNF:5
FNH:5
FNDA:7,(anonymous_0)
FNDA:13,(anonymous_1)
FNDA:9,(anonymous_2)
FNDA:6,(anonymous_3)
FNDA:5,(anonymous_4)
DA:1,2
DA:2,2
DA:3,2
DA:4,2
DA:9,2
DA:10,7
DA:11,7
DA:14,7
DA:15,1
DA:19,5
DA:21,5
DA:22,4
DA:24,1
DA:27,1
DA:34,2
DA:35,13
DA:36,13
DA:39,13
DA:41,12
DA:42,3
DA:46,9
DA:53,9
DA:56,9
DA:57,9
DA:58,1
DA:62,9
DA:64,1
DA:71,2
DA:72,6
DA:73,6
DA:74,5
DA:75,1
DA:77,4
DA:80,1
DA:84,2
LF:35
LH:35
BRDA:14,0,0,1
BRDA:14,0,1,5
BRDA:21,1,0,4
BRDA:21,1,1,1
BRDA:41,2,0,3
BRDA:41,2,1,9
BRDA:57,3,0,1
BRDA:57,3,1,8
BRDA:74,4,0,1
BRDA:74,4,1,4
BRF:10
BRH:10
end_of_record
TN:
SF:src/controllers/booksController.js
FN:7,(anonymous_0)
FN:19,(anonymous_1)
FN:37,(anonymous_2)
FN:55,(anonymous_3)
FN:73,(anonymous_4)
FN:95,(anonymous_5)
FN:120,(anonymous_6)
FNF:7
FNH:7
FNDA:2,(anonymous_0)
FNDA:3,(anonymous_1)
FNDA:3,(anonymous_2)
FNDA:3,(anonymous_3)
FNDA:4,(anonymous_4)
FNDA:5,(anonymous_5)
FNDA:3,(anonymous_6)
DA:1,2
DA:2,2
DA:7,2
DA:8,2
DA:9,2
DA:10,1
DA:12,1
DA:19,2
DA:20,3
DA:21,3
DA:22,3
DA:24,2
DA:25,1
DA:28,1
DA:30,1
DA:37,2
DA:38,3
DA:39,3
DA:40,3
DA:42,2
DA:43,1
DA:46,1
DA:48,1
DA:55,2
DA:56,3
DA:57,3
DA:58,3
DA:60,2
DA:61,1
DA:64,1
DA:66,1
DA:73,2
DA:74,4
DA:75,4
DA:76,4
DA:78,3
DA:79,1
DA:82,2
DA:83,1
DA:86,1
DA:88,1
DA:95,2
DA:96,5
DA:97,5
DA:98,5
DA:99,5
DA:101,5
DA:102,2
DA:105,3
DA:107,2
DA:108,1
DA:111,1
DA:113,1
DA:120,2
DA:121,3
DA:122,3
DA:123,3
DA:125,3
DA:127,2
DA:128,1
DA:131,1
DA:133,1
DA:137,2
LF:63
LH:63
BRDA:24,0,0,1
BRDA:24,0,1,1
BRDA:42,1,0,1
BRDA:42,1,1,1
BRDA:60,2,0,1
BRDA:60,2,1,1
BRDA:78,3,0,1
BRDA:78,3,1,2
BRDA:82,4,0,1
BRDA:82,4,1,1
BRDA:101,5,0,2
BRDA:101,5,1,3
BRDA:107,6,0,1
BRDA:107,6,1,1
BRDA:127,7,0,1
BRDA:127,7,1,1
BRF:16
BRH:16
end_of_record
TN:
SF:src/middleware/auth.js
FN:8,(anonymous_0)
FN:15,(anonymous_1)
FN:28,(anonymous_2)
FN:32,(anonymous_3)
FNF:4
FNH:2
FNDA:3,(anonymous_0)
FNDA:2,(anonymous_1)
FNDA:0,(anonymous_2)
FNDA:0,(anonymous_3)
DA:1,1
DA:2,1
DA:3,1
DA:8,1
DA:9,3
DA:10,1
DA:13,2
DA:15,2
DA:16,2
DA:17,0
DA:20,2
DA:21,2
DA:28,1
DA:29,0
DA:30,0
DA:32,0
DA:33,0
DA:34,0
DA:38,0
DA:41,1
LF:20
LH:13
BRDA:9,0,0,1
BRDA:9,0,1,2
BRDA:9,1,0,3
BRDA:9,1,1,3
BRDA:9,1,2,2
BRDA:16,2,0,0
BRDA:16,2,1,2
BRDA:29,3,0,0
BRDA:29,3,1,0
BRDA:29,4,0,0
BRDA:29,4,1,0
BRDA:29,4,2,0
BRDA:33,5,0,0
BRDA:33,5,1,0
BRF:14
BRH:6
end_of_record
TN:
SF:src/middleware/errorHandler.js
FN:8,(anonymous_0)
FN:43,(anonymous_1)
FN:53,(anonymous_2)
FN:53,(anonymous_3)
FNF:4
FNH:2
FNDA:0,(anonymous_0)
FNDA:0,(anonymous_1)
FNDA:10,(anonymous_2)
FNDA:11,(anonymous_3)
DA:1,1
DA:2,1
DA:8,1
DA:10,0
DA:11,0
DA:15,0
DA:21,0
DA:22,0
DA:23,0
DA:24,0
DA:25,0
DA:26,0
DA:27,0
DA:28,0
DA:29,0
DA:30,0
DA:31,0
DA:32,0
DA:36,0
DA:43,1
DA:44,0
DA:45,0
DA:46,0
DA:53,10
DA:54,11
DA:57,1
LF:26
LH:7
BRDA:10,0,0,0
BRDA:10,0,1,0
BRDA:16,1,0,0
BRDA:16,1,1,0
BRDA:17,2,0,0
BRDA:17,2,1,0
BRDA:21,3,0,0
BRDA:21,3,1,0
BRDA:24,4,0,0
BRDA:24,4,1,0
BRDA:27,5,0,0
BRDA:27,5,1,0
BRDA:30,6,0,0
BRDA:30,6,1,0
BRDA:37,7,0,0
BRDA:37,7,1,0
BRF:16
BRH:0
end_of_record
TN:
SF:src/middleware/security.js
FN:31,(anonymous_0)
FN:66,(anonymous_1)
FN:85,(anonymous_2)
FN:123,(anonymous_3)
FNF:4
FNH:4
FNDA:15,(anonymous_0)
FNDA:15,(anonymous_1)
FNDA:8,(anonymous_2)
FNDA:15,(anonymous_3)
DA:1,1
DA:2,1
DA:3,1
DA:4,1
DA:9,1
DA:30,1
DA:33,15
DA:36,0
DA:37,0
DA:41,0
DA:42,0
DA:43,0
DA:46,0
DA:57,1
DA:68,15
DA:75,1
DA:87,8
DA:88,8
DA:95,1
DA:109,1
DA:123,1
DA:125,15
DA:126,15
DA:127,15
DA:128,15
DA:129,15
DA:132,15
DA:133,15
DA:135,15
DA:138,1
LF:30
LH:24
BRDA:33,0,0,15
BRDA:33,0,1,0
BRDA:36,1,0,0
BRDA:36,1,1,0
BRDA:42,2,0,0
BRDA:42,2,1,0
BRDA:68,3,0,15
BRDA:68,3,1,14
BRDA:87,4,0,8
BRDA:87,4,1,0
BRF:10
BRH:4
end_of_record
TN:
SF:src/middleware/validation.js
FN:7,(anonymous_0)
FN:10,(anonymous_1)
FNF:2
FNH:2
FNDA:11,(anonymous_0)
FNDA:3,(anonymous_1)
DA:1,1
DA:2,1
DA:7,1
DA:8,11
DA:9,11
DA:10,3
DA:11,2
DA:13,9
DA:19,1
DA:38,1
DA:53,1
DA:91,1
DA:106,1
DA:113,1
LF:14
LH:14
BRDA:9,0,0,2
BRDA:9,0,1,9
BRF:2
BRH:2
end_of_record
TN:
SF:src/models/Book.js
FN:15,(anonymous_0)
FN:19,(anonymous_1)
FN:23,(anonymous_2)
FN:33,(anonymous_3)
FN:43,(anonymous_4)
FN:51,(anonymous_5)
FN:59,(anonymous_6)
FNF:7
FNH:7
FNDA:28,(anonymous_0)
FNDA:7,(anonymous_1)
FNDA:5,(anonymous_2)
FNDA:6,(anonymous_3)
FNDA:25,(anonymous_4)
FNDA:6,(anonymous_5)
FNDA:11,(anonymous_6)
DA:1,3
DA:16,28
DA:20,7
DA:24,5
DA:25,5
DA:26,50
DA:27,5
DA:30,5
DA:34,6
DA:35,6
DA:36,60
DA:37,4
DA:40,6
DA:44,25
DA:45,1
DA:47,24
DA:48,24
DA:52,6
DA:53,3
DA:55,3
DA:56,3
DA:60,11
DA:61,1
DA:63,10
DA:67,3
LF:25
LH:25
BRDA:20,0,0,7
BRDA:20,0,1,2
BRDA:26,1,0,5
BRDA:26,1,1,45
BRDA:36,2,0,4
BRDA:36,2,1,56
BRDA:44,3,0,1
BRDA:44,3,1,24
BRDA:52,4,0,3
BRDA:52,4,1,3
BRDA:52,5,0,6
BRDA:52,5,1,5
BRDA:60,6,0,1
BRDA:60,6,1,10
BRF:14
BRH:14
end_of_record
TN:
SF:src/models/User.js
FN:8,(anonymous_0)
FN:21,(anonymous_1)
FN:25,(anonymous_2)
FN:26,(anonymous_3)
FN:29,(anonymous_4)
FN:30,(anonymous_5)
FN:33,(anonymous_6)
FN:49,(anonymous_7)
FNF:8
FNH:8
FNDA:2,(anonymous_0)
FNDA:18,(anonymous_1)
FNDA:15,(anonymous_2)
FNDA:19,(anonymous_3)
FNDA:24,(anonymous_4)
FNDA:14,(anonymous_5)
FNDA:17,(anonymous_6)
FNDA:11,(anonymous_7)
DA:1,2
DA:2,2
DA:5,2
DA:8,2
DA:9,2
DA:10,2
DA:11,1
DA:13,0
DA:18,2
DA:22,18
DA:26,19
DA:30,24
DA:34,17
DA:35,2
DA:38,15
DA:40,15
DA:41,14
DA:42,14
DA:44,1
DA:45,1
DA:50,11
DA:51,11
DA:52,1
DA:55,10
DA:57,10
DA:59,1
DA:60,1
DA:65,2
LF:28
LH:27
BRDA:34,0,0,2
BRDA:34,0,1,15
BRDA:51,1,0,1
BRDA:51,1,1,10
BRF:4
BRH:4
end_of_record
TN:
SF:src/routes/authRoutes.js
FNF:0
FNH:0
DA:1,1
DA:2,1
DA:3,1
DA:4,1
DA:5,1
DA:6,1
DA:8,1
DA:11,1
DA:18,1
DA:25,1
DA:27,1
LF:11
LH:11
BRF:0
BRH:0
end_of_record
TN:
SF:src/routes/booksRoutes.js
FNF:0
FNH:0
DA:1,1
DA:10,1
DA:11,1
DA:12,1
DA:13,1
DA:14,1
DA:16,1
DA:19,1
DA:22,1
DA:23,1
DA:24,1
DA:25,1
DA:26,1
DA:29,1
DA:34,1
DA:39,1
LF:16
LH:16
BRF:0
BRH:0
end_of_record
TN:
SF:src/routes/index.js
FNF:0
FNH:0
DA:1,1
DA:2,1
DA:3,1
DA:5,1
DA:8,1
DA:9,1
DA:11,1
LF:7
LH:7
BRF:0
BRH:0
end_of_record
TN:
SF:src/utils/responseHelpers.js
FN:5,(anonymous_0)
FN:13,(anonymous_1)
FN:26,(anonymous_2)
FN:34,(anonymous_3)
FN:41,(anonymous_4)
FN:48,(anonymous_5)
FNF:6
FNH:6
FNDA:12,(anonymous_0)
FNDA:4,(anonymous_1)
FNDA:4,(anonymous_2)
FNDA:2,(anonymous_3)
FNDA:5,(anonymous_4)
FNDA:2,(anonymous_5)
DA:5,4
DA:6,12
DA:13,4
DA:14,4
DA:19,4
DA:20,1
DA:23,4
DA:26,4
DA:27,4
DA:34,4
DA:35,2
DA:41,4
DA:42,5
DA:48,4
DA:49,2
DA:55,4
LF:16
LH:16
BRDA:5,0,0,1
BRDA:5,1,0,9
BRDA:13,2,0,1
BRDA:13,3,0,1
BRDA:13,4,0,2
BRDA:19,5,0,1
BRDA:19,5,1,3
BRDA:19,6,0,4
BRDA:19,6,1,2
BRDA:26,7,0,1
BRDA:26,8,0,3
BRDA:34,9,0,1
BRDA:41,10,0,1
BRDA:48,11,0,1
BRF:14
BRH:14
end_of_record
